[ 2018-06-05T10:45:27+08:00 ] ::1 /web/Hw3ms/
INFO: [ app_init ] --START--
INFO: Run Behavior\BuildLiteBehavior [ RunTime:0.000055s ]
INFO: [ app_init ] --END-- [ RunTime:0.020721s ]
INFO: [ app_begin ] --START--
INFO: Run Behavior\ReadHtmlCacheBehavior [ RunTime:0.019963s ]
INFO: [ app_begin ] --END-- [ RunTime:0.020100s ]
NOTIC: [8] Undefined index: debug E:\www\web\Hw3ms\ThinkPHP\Library\Think\Db\Driver.class.php 第 114 行.
NOTIC: [8] Undefined offset: 0 E:\www\web\Hw3ms\ThinkPHP\Library\Think\Db\Driver.class.php 第 119 行.
NOTIC: [8] Undefined index: debug E:\www\web\Hw3ms\ThinkPHP\Library\Think\Db\Driver.class.php 第 114 行.
NOTIC: [8] Undefined offset: 0 E:\www\web\Hw3ms\ThinkPHP\Library\Think\Db\Driver.class.php 第 119 行.
NOTIC: [8] Undefined index: debug E:\www\web\Hw3ms\ThinkPHP\Library\Think\Db\Driver.class.php 第 114 行.
NOTIC: [8] Undefined offset: 0 E:\www\web\Hw3ms\ThinkPHP\Library\Think\Db\Driver.class.php 第 119 行.
NOTIC: [8] Undefined offset: 39 E:\www\web\Hw3ms\Application\Home\Controller\IndexController.class.php 第 19 行.
NOTIC: [8] Undefined offset: 44 E:\www\web\Hw3ms\Application\Home\Controller\IndexController.class.php 第 21 行.
NOTIC: [8] Undefined offset: 45 E:\www\web\Hw3ms\Application\Home\Controller\IndexController.class.php 第 23 行.
NOTIC: [8] Undefined offset: 45 E:\www\web\Hw3ms\Application\Home\Controller\IndexController.class.php 第 25 行.
NOTIC: [8] Undefined offset: 45 E:\www\web\Hw3ms\Application\Home\Controller\IndexController.class.php 第 27 行.
NOTIC: [8] Undefined offset: 45 E:\www\web\Hw3ms\Application\Home\Controller\IndexController.class.php 第 29 行.
NOTIC: [8] Undefined index: debug E:\www\web\Hw3ms\ThinkPHP\Library\Think\Db\Driver.class.php 第 114 行.
NOTIC: [8] Undefined offset: 0 E:\www\web\Hw3ms\ThinkPHP\Library\Think\Db\Driver.class.php 第 119 行.
NOTIC: [8] Undefined index: debug E:\www\web\Hw3ms\ThinkPHP\Library\Think\Db\Driver.class.php 第 114 行.
NOTIC: [8] Undefined offset: 0 E:\www\web\Hw3ms\ThinkPHP\Library\Think\Db\Driver.class.php 第 119 行.
NOTIC: [8] Undefined index: debug E:\www\web\Hw3ms\ThinkPHP\Library\Think\Db\Driver.class.php 第 114 行.
NOTIC: [8] Undefined offset: 0 E:\www\web\Hw3ms\ThinkPHP\Library\Think\Db\Driver.class.php 第 119 行.
NOTIC: [8] Undefined index: debug E:\www\web\Hw3ms\ThinkPHP\Library\Think\Db\Driver.class.php 第 114 行.
NOTIC: [8] Undefined offset: 0 E:\www\web\Hw3ms\ThinkPHP\Library\Think\Db\Driver.class.php 第 119 行.
NOTIC: [8] Undefined index: debug E:\www\web\Hw3ms\ThinkPHP\Library\Think\Db\Driver.class.php 第 114 行.
NOTIC: [8] Undefined offset: 0 E:\www\web\Hw3ms\ThinkPHP\Library\Think\Db\Driver.class.php 第 119 行.
NOTIC: [8] Undefined index: debug E:\www\web\Hw3ms\ThinkPHP\Library\Think\Db\Driver.class.php 第 114 行.
NOTIC: [8] Undefined offset: 0 E:\www\web\Hw3ms\ThinkPHP\Library\Think\Db\Driver.class.php 第 119 行.
NOTIC: [2] Invalid argument supplied for foreach() E:\www\web\Hw3ms\Application\Home\Controller\IndexController.class.php 第 64 行.
NOTIC: [8] Undefined index: debug E:\www\web\Hw3ms\ThinkPHP\Library\Think\Db\Driver.class.php 第 114 行.
NOTIC: [8] Undefined offset: 0 E:\www\web\Hw3ms\ThinkPHP\Library\Think\Db\Driver.class.php 第 119 行.
NOTIC: [8] Undefined index: debug E:\www\web\Hw3ms\ThinkPHP\Library\Think\Db\Driver.class.php 第 114 行.
NOTIC: [8] Undefined offset: 0 E:\www\web\Hw3ms\ThinkPHP\Library\Think\Db\Driver.class.php 第 119 行.
NOTIC: [8] Undefined index: debug E:\www\web\Hw3ms\ThinkPHP\Library\Think\Db\Driver.class.php 第 114 行.
NOTIC: [8] Undefined offset: 0 E:\www\web\Hw3ms\ThinkPHP\Library\Think\Db\Driver.class.php 第 119 行.
NOTIC: [8] Undefined index: debug E:\www\web\Hw3ms\ThinkPHP\Library\Think\Db\Driver.class.php 第 114 行.
NOTIC: [8] Undefined offset: 0 E:\www\web\Hw3ms\ThinkPHP\Library\Think\Db\Driver.class.php 第 119 行.
NOTIC: [2] Invalid argument supplied for foreach() E:\www\web\Hw3ms\Application\Home\Controller\IndexController.class.php 第 64 行.
NOTIC: [8] Undefined index: debug E:\www\web\Hw3ms\ThinkPHP\Library\Think\Db\Driver.class.php 第 114 行.
NOTIC: [8] Undefined offset: 0 E:\www\web\Hw3ms\ThinkPHP\Library\Think\Db\Driver.class.php 第 119 行.
NOTIC: [8] Undefined index: debug E:\www\web\Hw3ms\ThinkPHP\Library\Think\Db\Driver.class.php 第 114 行.
NOTIC: [8] Undefined offset: 0 E:\www\web\Hw3ms\ThinkPHP\Library\Think\Db\Driver.class.php 第 119 行.
NOTIC: [2] Invalid argument supplied for foreach() E:\www\web\Hw3ms\Application\Home\Controller\IndexController.class.php 第 64 行.
NOTIC: [8] Undefined index: debug E:\www\web\Hw3ms\ThinkPHP\Library\Think\Db\Driver.class.php 第 114 行.
NOTIC: [8] Undefined offset: 0 E:\www\web\Hw3ms\ThinkPHP\Library\Think\Db\Driver.class.php 第 119 行.
NOTIC: [8] Undefined index: debug E:\www\web\Hw3ms\ThinkPHP\Library\Think\Db\Driver.class.php 第 114 行.
NOTIC: [8] Undefined offset: 0 E:\www\web\Hw3ms\ThinkPHP\Library\Think\Db\Driver.class.php 第 119 行.
NOTIC: [2] Invalid argument supplied for foreach() E:\www\web\Hw3ms\Application\Home\Controller\IndexController.class.php 第 64 行.
NOTIC: [8] Undefined index: debug E:\www\web\Hw3ms\ThinkPHP\Library\Think\Db\Driver.class.php 第 114 行.
NOTIC: [8] Undefined offset: 0 E:\www\web\Hw3ms\ThinkPHP\Library\Think\Db\Driver.class.php 第 119 行.
INFO: [ view_parse ] --START--
INFO: [ template_filter ] --START--
INFO: Run Behavior\ContentReplaceBehavior [ RunTime:0.003193s ]
INFO: [ template_filter ] --END-- [ RunTime:0.003277s ]
NOTIC: [8] Undefined variable: val E:\www\web\Hw3ms\Runtime\Cache\Home\17d0e3b11d4b54516774bc6443bf09af.php 第 90 行.
INFO: Run Behavior\ParseTemplateBehavior [ RunTime:0.141910s ]
INFO: [ view_parse ] --END-- [ RunTime:0.142065s ]
INFO: [ view_filter ] --START--
INFO: Run Behavior\WriteHtmlCacheBehavior [ RunTime:0.008414s ]
INFO: [ view_filter ] --END-- [ RunTime:0.008476s ]
INFO: [ app_end ] --START--
INFO: Run Behavior\ShowPageTraceBehavior [ RunTime:0.019779s ]
INFO: [ app_end ] --END-- [ RunTime:0.019880s ]

[ 2018-06-05T10:45:34+08:00 ] ::1 /web/Hw3ms/
INFO: [ app_init ] --START--
INFO: Run Behavior\BuildLiteBehavior [ RunTime:0.000013s ]
INFO: [ app_init ] --END-- [ RunTime:0.000357s ]
INFO: [ app_begin ] --START--
INFO: Run Behavior\ReadHtmlCacheBehavior [ RunTime:0.000916s ]
INFO: [ app_begin ] --END-- [ RunTime:0.001051s ]
NOTIC: [8] Undefined index: debug E:\www\web\Hw3ms\ThinkPHP\Library\Think\Db\Driver.class.php 第 114 行.
NOTIC: [8] Undefined offset: 0 E:\www\web\Hw3ms\ThinkPHP\Library\Think\Db\Driver.class.php 第 119 行.
NOTIC: [8] Undefined index: debug E:\www\web\Hw3ms\ThinkPHP\Library\Think\Db\Driver.class.php 第 114 行.
NOTIC: [8] Undefined offset: 0 E:\www\web\Hw3ms\ThinkPHP\Library\Think\Db\Driver.class.php 第 119 行.
NOTIC: [8] Undefined index: debug E:\www\web\Hw3ms\ThinkPHP\Library\Think\Db\Driver.class.php 第 114 行.
NOTIC: [8] Undefined offset: 0 E:\www\web\Hw3ms\ThinkPHP\Library\Think\Db\Driver.class.php 第 119 行.
NOTIC: [8] Undefined offset: 39 E:\www\web\Hw3ms\Application\Home\Controller\IndexController.class.php 第 19 行.
NOTIC: [8] Undefined offset: 44 E:\www\web\Hw3ms\Application\Home\Controller\IndexController.class.php 第 21 行.
NOTIC: [8] Undefined offset: 45 E:\www\web\Hw3ms\Application\Home\Controller\IndexController.class.php 第 23 行.
NOTIC: [8] Undefined offset: 45 E:\www\web\Hw3ms\Application\Home\Controller\IndexController.class.php 第 25 行.
NOTIC: [8] Undefined offset: 45 E:\www\web\Hw3ms\Application\Home\Controller\IndexController.class.php 第 27 行.
NOTIC: [8] Undefined offset: 45 E:\www\web\Hw3ms\Application\Home\Controller\IndexController.class.php 第 29 行.
NOTIC: [8] Undefined index: debug E:\www\web\Hw3ms\ThinkPHP\Library\Think\Db\Driver.class.php 第 114 行.
NOTIC: [8] Undefined offset: 0 E:\www\web\Hw3ms\ThinkPHP\Library\Think\Db\Driver.class.php 第 119 行.
NOTIC: [8] Undefined index: debug E:\www\web\Hw3ms\ThinkPHP\Library\Think\Db\Driver.class.php 第 114 行.
NOTIC: [8] Undefined offset: 0 E:\www\web\Hw3ms\ThinkPHP\Library\Think\Db\Driver.class.php 第 119 行.
NOTIC: [8] Undefined index: debug E:\www\web\Hw3ms\ThinkPHP\Library\Think\Db\Driver.class.php 第 114 行.
NOTIC: [8] Undefined offset: 0 E:\www\web\Hw3ms\ThinkPHP\Library\Think\Db\Driver.class.php 第 119 行.
NOTIC: [8] Undefined index: debug E:\www\web\Hw3ms\ThinkPHP\Library\Think\Db\Driver.class.php 第 114 行.
NOTIC: [8] Undefined offset: 0 E:\www\web\Hw3ms\ThinkPHP\Library\Think\Db\Driver.class.php 第 119 行.
NOTIC: [8] Undefined index: debug E:\www\web\Hw3ms\ThinkPHP\Library\Think\Db\Driver.class.php 第 114 行.
NOTIC: [8] Undefined offset: 0 E:\www\web\Hw3ms\ThinkPHP\Library\Think\Db\Driver.class.php 第 119 行.
NOTIC: [8] Undefined index: debug E:\www\web\Hw3ms\ThinkPHP\Library\Think\Db\Driver.class.php 第 114 行.
NOTIC: [8] Undefined offset: 0 E:\www\web\Hw3ms\ThinkPHP\Library\Think\Db\Driver.class.php 第 119 行.
NOTIC: [2] Invalid argument supplied for foreach() E:\www\web\Hw3ms\Application\Home\Controller\IndexController.class.php 第 64 行.
NOTIC: [8] Undefined index: debug E:\www\web\Hw3ms\ThinkPHP\Library\Think\Db\Driver.class.php 第 114 行.
NOTIC: [8] Undefined offset: 0 E:\www\web\Hw3ms\ThinkPHP\Library\Think\Db\Driver.class.php 第 119 行.
NOTIC: [8] Undefined index: debug E:\www\web\Hw3ms\ThinkPHP\Library\Think\Db\Driver.class.php 第 114 行.
NOTIC: [8] Undefined offset: 0 E:\www\web\Hw3ms\ThinkPHP\Library\Think\Db\Driver.class.php 第 119 行.
NOTIC: [8] Undefined index: debug E:\www\web\Hw3ms\ThinkPHP\Library\Think\Db\Driver.class.php 第 114 行.
NOTIC: [8] Undefined offset: 0 E:\www\web\Hw3ms\ThinkPHP\Library\Think\Db\Driver.class.php 第 119 行.
NOTIC: [8] Undefined index: debug E:\www\web\Hw3ms\ThinkPHP\Library\Think\Db\Driver.class.php 第 114 行.
NOTIC: [8] Undefined offset: 0 E:\www\web\Hw3ms\ThinkPHP\Library\Think\Db\Driver.class.php 第 119 行.
NOTIC: [2] Invalid argument supplied for foreach() E:\www\web\Hw3ms\Application\Home\Controller\IndexController.class.php 第 64 行.
NOTIC: [8] Undefined index: debug E:\www\web\Hw3ms\ThinkPHP\Library\Think\Db\Driver.class.php 第 114 行.
NOTIC: [8] Undefined offset: 0 E:\www\web\Hw3ms\ThinkPHP\Library\Think\Db\Driver.class.php 第 119 行.
NOTIC: [8] Undefined index: debug E:\www\web\Hw3ms\ThinkPHP\Library\Think\Db\Driver.class.php 第 114 行.
NOTIC: [8] Undefined offset: 0 E:\www\web\Hw3ms\ThinkPHP\Library\Think\Db\Driver.class.php 第 119 行.
NOTIC: [2] Invalid argument supplied for foreach() E:\www\web\Hw3ms\Application\Home\Controller\IndexController.class.php 第 64 行.
NOTIC: [8] Undefined index: debug E:\www\web\Hw3ms\ThinkPHP\Library\Think\Db\Driver.class.php 第 114 行.
NOTIC: [8] Undefined offset: 0 E:\www\web\Hw3ms\ThinkPHP\Library\Think\Db\Driver.class.php 第 119 行.
NOTIC: [8] Undefined index: debug E:\www\web\Hw3ms\ThinkPHP\Library\Think\Db\Driver.class.php 第 114 行.
NOTIC: [8] Undefined offset: 0 E:\www\web\Hw3ms\ThinkPHP\Library\Think\Db\Driver.class.php 第 119 行.
NOTIC: [2] Invalid argument supplied for foreach() E:\www\web\Hw3ms\Application\Home\Controller\IndexController.class.php 第 64 行.
NOTIC: [8] Undefined index: debug E:\www\web\Hw3ms\ThinkPHP\Library\Think\Db\Driver.class.php 第 114 行.
NOTIC: [8] Undefined offset: 0 E:\www\web\Hw3ms\ThinkPHP\Library\Think\Db\Driver.class.php 第 119 行.
INFO: [ view_parse ] --START--
INFO: [ template_filter ] --START--
INFO: Run Behavior\ContentReplaceBehavior [ RunTime:0.000333s ]
INFO: [ template_filter ] --END-- [ RunTime:0.000465s ]
NOTIC: [8] Undefined variable: val E:\www\web\Hw3ms\Runtime\Cache\Home\17d0e3b11d4b54516774bc6443bf09af.php 第 90 行.
INFO: Run Behavior\ParseTemplateBehavior [ RunTime:1.894875s ]
INFO: [ view_parse ] --END-- [ RunTime:1.895056s ]
INFO: [ view_filter ] --START--
INFO: Run Behavior\WriteHtmlCacheBehavior [ RunTime:0.001504s ]
INFO: [ view_filter ] --END-- [ RunTime:0.001621s ]
INFO: [ app_end ] --START--
INFO: Run Behavior\ShowPageTraceBehavior [ RunTime:0.002306s ]
INFO: [ app_end ] --END-- [ RunTime:0.002461s ]

[ 2018-06-05T10:46:54+08:00 ] ::1 /web/Hw3ms/
INFO: [ app_init ] --START--
INFO: Run Behavior\BuildLiteBehavior [ RunTime:0.000027s ]
INFO: [ app_init ] --END-- [ RunTime:0.000378s ]
INFO: [ app_begin ] --START--
INFO: Run Behavior\ReadHtmlCacheBehavior [ RunTime:0.000389s ]
INFO: [ app_begin ] --END-- [ RunTime:0.000442s ]
NOTIC: [8] Undefined index: debug E:\www\web\Hw3ms\ThinkPHP\Library\Think\Db\Driver.class.php 第 114 行.
NOTIC: [8] Undefined offset: 0 E:\www\web\Hw3ms\ThinkPHP\Library\Think\Db\Driver.class.php 第 119 行.
NOTIC: [8] Undefined index: debug E:\www\web\Hw3ms\ThinkPHP\Library\Think\Db\Driver.class.php 第 114 行.
NOTIC: [8] Undefined offset: 0 E:\www\web\Hw3ms\ThinkPHP\Library\Think\Db\Driver.class.php 第 119 行.
NOTIC: [8] Undefined index: debug E:\www\web\Hw3ms\ThinkPHP\Library\Think\Db\Driver.class.php 第 114 行.
NOTIC: [8] Undefined offset: 0 E:\www\web\Hw3ms\ThinkPHP\Library\Think\Db\Driver.class.php 第 119 行.
NOTIC: [8] Undefined offset: 39 E:\www\web\Hw3ms\Application\Home\Controller\IndexController.class.php 第 19 行.
NOTIC: [8] Undefined offset: 44 E:\www\web\Hw3ms\Application\Home\Controller\IndexController.class.php 第 21 行.
NOTIC: [8] Undefined offset: 45 E:\www\web\Hw3ms\Application\Home\Controller\IndexController.class.php 第 23 行.
NOTIC: [8] Undefined offset: 45 E:\www\web\Hw3ms\Application\Home\Controller\IndexController.class.php 第 25 行.
NOTIC: [8] Undefined offset: 45 E:\www\web\Hw3ms\Application\Home\Controller\IndexController.class.php 第 27 行.
NOTIC: [8] Undefined offset: 45 E:\www\web\Hw3ms\Application\Home\Controller\IndexController.class.php 第 29 行.
NOTIC: [8] Undefined index: debug E:\www\web\Hw3ms\ThinkPHP\Library\Think\Db\Driver.class.php 第 114 行.
NOTIC: [8] Undefined offset: 0 E:\www\web\Hw3ms\ThinkPHP\Library\Think\Db\Driver.class.php 第 119 行.
NOTIC: [8] Undefined index: debug E:\www\web\Hw3ms\ThinkPHP\Library\Think\Db\Driver.class.php 第 114 行.
NOTIC: [8] Undefined offset: 0 E:\www\web\Hw3ms\ThinkPHP\Library\Think\Db\Driver.class.php 第 119 行.
NOTIC: [8] Undefined index: debug E:\www\web\Hw3ms\ThinkPHP\Library\Think\Db\Driver.class.php 第 114 行.
NOTIC: [8] Undefined offset: 0 E:\www\web\Hw3ms\ThinkPHP\Library\Think\Db\Driver.class.php 第 119 行.
NOTIC: [8] Undefined index: debug E:\www\web\Hw3ms\ThinkPHP\Library\Think\Db\Driver.class.php 第 114 行.
NOTIC: [8] Undefined offset: 0 E:\www\web\Hw3ms\ThinkPHP\Library\Think\Db\Driver.class.php 第 119 行.
NOTIC: [8] Undefined index: debug E:\www\web\Hw3ms\ThinkPHP\Library\Think\Db\Driver.class.php 第 114 行.
NOTIC: [8] Undefined offset: 0 E:\www\web\Hw3ms\ThinkPHP\Library\Think\Db\Driver.class.php 第 119 行.
NOTIC: [8] Undefined index: debug E:\www\web\Hw3ms\ThinkPHP\Library\Think\Db\Driver.class.php 第 114 行.
NOTIC: [8] Undefined offset: 0 E:\www\web\Hw3ms\ThinkPHP\Library\Think\Db\Driver.class.php 第 119 行.
NOTIC: [2] Invalid argument supplied for foreach() E:\www\web\Hw3ms\Application\Home\Controller\IndexController.class.php 第 64 行.
NOTIC: [8] Undefined index: debug E:\www\web\Hw3ms\ThinkPHP\Library\Think\Db\Driver.class.php 第 114 行.
NOTIC: [8] Undefined offset: 0 E:\www\web\Hw3ms\ThinkPHP\Library\Think\Db\Driver.class.php 第 119 行.
NOTIC: [8] Undefined index: debug E:\www\web\Hw3ms\ThinkPHP\Library\Think\Db\Driver.class.php 第 114 行.
NOTIC: [8] Undefined offset: 0 E:\www\web\Hw3ms\ThinkPHP\Library\Think\Db\Driver.class.php 第 119 行.
NOTIC: [8] Undefined index: debug E:\www\web\Hw3ms\ThinkPHP\Library\Think\Db\Driver.class.php 第 114 行.
NOTIC: [8] Undefined offset: 0 E:\www\web\Hw3ms\ThinkPHP\Library\Think\Db\Driver.class.php 第 119 行.
NOTIC: [8] Undefined index: debug E:\www\web\Hw3ms\ThinkPHP\Library\Think\Db\Driver.class.php 第 114 行.
NOTIC: [8] Undefined offset: 0 E:\www\web\Hw3ms\ThinkPHP\Library\Think\Db\Driver.class.php 第 119 行.
NOTIC: [2] Invalid argument supplied for foreach() E:\www\web\Hw3ms\Application\Home\Controller\IndexController.class.php 第 64 行.
NOTIC: [8] Undefined index: debug E:\www\web\Hw3ms\ThinkPHP\Library\Think\Db\Driver.class.php 第 114 行.
NOTIC: [8] Undefined offset: 0 E:\www\web\Hw3ms\ThinkPHP\Library\Think\Db\Driver.class.php 第 119 行.
NOTIC: [8] Undefined index: debug E:\www\web\Hw3ms\ThinkPHP\Library\Think\Db\Driver.class.php 第 114 行.
NOTIC: [8] Undefined offset: 0 E:\www\web\Hw3ms\ThinkPHP\Library\Think\Db\Driver.class.php 第 119 行.
NOTIC: [2] Invalid argument supplied for foreach() E:\www\web\Hw3ms\Application\Home\Controller\IndexController.class.php 第 64 行.
NOTIC: [8] Undefined index: debug E:\www\web\Hw3ms\ThinkPHP\Library\Think\Db\Driver.class.php 第 114 行.
NOTIC: [8] Undefined offset: 0 E:\www\web\Hw3ms\ThinkPHP\Library\Think\Db\Driver.class.php 第 119 行.
NOTIC: [8] Undefined index: debug E:\www\web\Hw3ms\ThinkPHP\Library\Think\Db\Driver.class.php 第 114 行.
NOTIC: [8] Undefined offset: 0 E:\www\web\Hw3ms\ThinkPHP\Library\Think\Db\Driver.class.php 第 119 行.
NOTIC: [2] Invalid argument supplied for foreach() E:\www\web\Hw3ms\Application\Home\Controller\IndexController.class.php 第 64 行.
NOTIC: [8] Undefined index: debug E:\www\web\Hw3ms\ThinkPHP\Library\Think\Db\Driver.class.php 第 114 行.
NOTIC: [8] Undefined offset: 0 E:\www\web\Hw3ms\ThinkPHP\Library\Think\Db\Driver.class.php 第 119 行.
INFO: [ view_parse ] --START--
INFO: [ template_filter ] --START--
INFO: Run Behavior\ContentReplaceBehavior [ RunTime:0.000256s ]
INFO: [ template_filter ] --END-- [ RunTime:0.000360s ]
NOTIC: [8] Undefined variable: val E:\www\web\Hw3ms\Runtime\Cache\Home\17d0e3b11d4b54516774bc6443bf09af.php 第 90 行.
INFO: Run Behavior\ParseTemplateBehavior [ RunTime:0.038982s ]
INFO: [ view_parse ] --END-- [ RunTime:0.039141s ]
INFO: [ view_filter ] --START--
INFO: Run Behavior\WriteHtmlCacheBehavior [ RunTime:0.001195s ]
INFO: [ view_filter ] --END-- [ RunTime:0.001300s ]
INFO: [ app_end ] --START--
INFO: Run Behavior\ShowPageTraceBehavior [ RunTime:0.001590s ]
INFO: [ app_end ] --END-- [ RunTime:0.001700s ]

[ 2018-06-05T10:46:57+08:00 ] ::1 /web/Hw3ms/
INFO: [ app_init ] --START--
INFO: Run Behavior\BuildLiteBehavior [ RunTime:0.000022s ]
INFO: [ app_init ] --END-- [ RunTime:0.000844s ]
INFO: [ app_begin ] --START--
INFO: Run Behavior\ReadHtmlCacheBehavior [ RunTime:0.000630s ]
INFO: [ app_begin ] --END-- [ RunTime:0.000712s ]
NOTIC: [8] Undefined index: debug E:\www\web\Hw3ms\ThinkPHP\Library\Think\Db\Driver.class.php 第 114 行.
NOTIC: [8] Undefined offset: 0 E:\www\web\Hw3ms\ThinkPHP\Library\Think\Db\Driver.class.php 第 119 行.
NOTIC: [8] Undefined index: debug E:\www\web\Hw3ms\ThinkPHP\Library\Think\Db\Driver.class.php 第 114 行.
NOTIC: [8] Undefined offset: 0 E:\www\web\Hw3ms\ThinkPHP\Library\Think\Db\Driver.class.php 第 119 行.
NOTIC: [8] Undefined index: debug E:\www\web\Hw3ms\ThinkPHP\Library\Think\Db\Driver.class.php 第 114 行.
NOTIC: [8] Undefined offset: 0 E:\www\web\Hw3ms\ThinkPHP\Library\Think\Db\Driver.class.php 第 119 行.
NOTIC: [8] Undefined offset: 39 E:\www\web\Hw3ms\Application\Home\Controller\IndexController.class.php 第 19 行.
NOTIC: [8] Undefined offset: 44 E:\www\web\Hw3ms\Application\Home\Controller\IndexController.class.php 第 21 行.
NOTIC: [8] Undefined offset: 45 E:\www\web\Hw3ms\Application\Home\Controller\IndexController.class.php 第 23 行.
NOTIC: [8] Undefined offset: 45 E:\www\web\Hw3ms\Application\Home\Controller\IndexController.class.php 第 25 行.
NOTIC: [8] Undefined offset: 45 E:\www\web\Hw3ms\Application\Home\Controller\IndexController.class.php 第 27 行.
NOTIC: [8] Undefined offset: 45 E:\www\web\Hw3ms\Application\Home\Controller\IndexController.class.php 第 29 行.
NOTIC: [8] Undefined index: debug E:\www\web\Hw3ms\ThinkPHP\Library\Think\Db\Driver.class.php 第 114 行.
NOTIC: [8] Undefined offset: 0 E:\www\web\Hw3ms\ThinkPHP\Library\Think\Db\Driver.class.php 第 119 行.
NOTIC: [8] Undefined index: debug E:\www\web\Hw3ms\ThinkPHP\Library\Think\Db\Driver.class.php 第 114 行.
NOTIC: [8] Undefined offset: 0 E:\www\web\Hw3ms\ThinkPHP\Library\Think\Db\Driver.class.php 第 119 行.
NOTIC: [8] Undefined index: debug E:\www\web\Hw3ms\ThinkPHP\Library\Think\Db\Driver.class.php 第 114 行.
NOTIC: [8] Undefined offset: 0 E:\www\web\Hw3ms\ThinkPHP\Library\Think\Db\Driver.class.php 第 119 行.
NOTIC: [8] Undefined index: debug E:\www\web\Hw3ms\ThinkPHP\Library\Think\Db\Driver.class.php 第 114 行.
NOTIC: [8] Undefined offset: 0 E:\www\web\Hw3ms\ThinkPHP\Library\Think\Db\Driver.class.php 第 119 行.
NOTIC: [8] Undefined index: debug E:\www\web\Hw3ms\ThinkPHP\Library\Think\Db\Driver.class.php 第 114 行.
NOTIC: [8] Undefined offset: 0 E:\www\web\Hw3ms\ThinkPHP\Library\Think\Db\Driver.class.php 第 119 行.
NOTIC: [8] Undefined index: debug E:\www\web\Hw3ms\ThinkPHP\Library\Think\Db\Driver.class.php 第 114 行.
NOTIC: [8] Undefined offset: 0 E:\www\web\Hw3ms\ThinkPHP\Library\Think\Db\Driver.class.php 第 119 行.
NOTIC: [2] Invalid argument supplied for foreach() E:\www\web\Hw3ms\Application\Home\Controller\IndexController.class.php 第 64 行.
NOTIC: [8] Undefined index: debug E:\www\web\Hw3ms\ThinkPHP\Library\Think\Db\Driver.class.php 第 114 行.
NOTIC: [8] Undefined offset: 0 E:\www\web\Hw3ms\ThinkPHP\Library\Think\Db\Driver.class.php 第 119 行.
NOTIC: [8] Undefined index: debug E:\www\web\Hw3ms\ThinkPHP\Library\Think\Db\Driver.class.php 第 114 行.
NOTIC: [8] Undefined offset: 0 E:\www\web\Hw3ms\ThinkPHP\Library\Think\Db\Driver.class.php 第 119 行.
NOTIC: [8] Undefined index: debug E:\www\web\Hw3ms\ThinkPHP\Library\Think\Db\Driver.class.php 第 114 行.
NOTIC: [8] Undefined offset: 0 E:\www\web\Hw3ms\ThinkPHP\Library\Think\Db\Driver.class.php 第 119 行.
NOTIC: [8] Undefined index: debug E:\www\web\Hw3ms\ThinkPHP\Library\Think\Db\Driver.class.php 第 114 行.
NOTIC: [8] Undefined offset: 0 E:\www\web\Hw3ms\ThinkPHP\Library\Think\Db\Driver.class.php 第 119 行.
NOTIC: [2] Invalid argument supplied for foreach() E:\www\web\Hw3ms\Application\Home\Controller\IndexController.class.php 第 64 行.
NOTIC: [8] Undefined index: debug E:\www\web\Hw3ms\ThinkPHP\Library\Think\Db\Driver.class.php 第 114 行.
NOTIC: [8] Undefined offset: 0 E:\www\web\Hw3ms\ThinkPHP\Library\Think\Db\Driver.class.php 第 119 行.
NOTIC: [8] Undefined index: debug E:\www\web\Hw3ms\ThinkPHP\Library\Think\Db\Driver.class.php 第 114 行.
NOTIC: [8] Undefined offset: 0 E:\www\web\Hw3ms\ThinkPHP\Library\Think\Db\Driver.class.php 第 119 行.
NOTIC: [2] Invalid argument supplied for foreach() E:\www\web\Hw3ms\Application\Home\Controller\IndexController.class.php 第 64 行.
NOTIC: [8] Undefined index: debug E:\www\web\Hw3ms\ThinkPHP\Library\Think\Db\Driver.class.php 第 114 行.
NOTIC: [8] Undefined offset: 0 E:\www\web\Hw3ms\ThinkPHP\Library\Think\Db\Driver.class.php 第 119 行.
NOTIC: [8] Undefined index: debug E:\www\web\Hw3ms\ThinkPHP\Library\Think\Db\Driver.class.php 第 114 行.
NOTIC: [8] Undefined offset: 0 E:\www\web\Hw3ms\ThinkPHP\Library\Think\Db\Driver.class.php 第 119 行.
NOTIC: [2] Invalid argument supplied for foreach() E:\www\web\Hw3ms\Application\Home\Controller\IndexController.class.php 第 64 行.
NOTIC: [8] Undefined index: debug E:\www\web\Hw3ms\ThinkPHP\Library\Think\Db\Driver.class.php 第 114 行.
NOTIC: [8] Undefined offset: 0 E:\www\web\Hw3ms\ThinkPHP\Library\Think\Db\Driver.class.php 第 119 行.
INFO: [ view_parse ] --START--
INFO: [ template_filter ] --START--
INFO: Run Behavior\ContentReplaceBehavior [ RunTime:0.000212s ]
INFO: [ template_filter ] --END-- [ RunTime:0.000295s ]
NOTIC: [8] Undefined variable: val E:\www\web\Hw3ms\Runtime\Cache\Home\17d0e3b11d4b54516774bc6443bf09af.php 第 90 行.
INFO: Run Behavior\ParseTemplateBehavior [ RunTime:0.047315s ]
INFO: [ view_parse ] --END-- [ RunTime:0.047462s ]
INFO: [ view_filter ] --START--
INFO: Run Behavior\WriteHtmlCacheBehavior [ RunTime:0.000917s ]
INFO: [ view_filter ] --END-- [ RunTime:0.000999s ]
INFO: [ app_end ] --START--
INFO: Run Behavior\ShowPageTraceBehavior [ RunTime:0.001217s ]
INFO: [ app_end ] --END-- [ RunTime:0.001302s ]

[ 2018-06-05T10:47:19+08:00 ] ::1 /web/Hw3ms/
INFO: [ app_init ] --START--
INFO: Run Behavior\BuildLiteBehavior [ RunTime:0.000013s ]
INFO: [ app_init ] --END-- [ RunTime:0.000436s ]
INFO: [ app_begin ] --START--
INFO: Run Behavior\ReadHtmlCacheBehavior [ RunTime:0.000645s ]
INFO: [ app_begin ] --END-- [ RunTime:0.000699s ]
NOTIC: [8] Undefined index: debug E:\www\web\Hw3ms\ThinkPHP\Library\Think\Db\Driver.class.php 第 114 行.
NOTIC: [8] Undefined offset: 0 E:\www\web\Hw3ms\ThinkPHP\Library\Think\Db\Driver.class.php 第 119 行.
NOTIC: [8] Undefined index: debug E:\www\web\Hw3ms\ThinkPHP\Library\Think\Db\Driver.class.php 第 114 行.
NOTIC: [8] Undefined offset: 0 E:\www\web\Hw3ms\ThinkPHP\Library\Think\Db\Driver.class.php 第 119 行.
NOTIC: [8] Undefined index: debug E:\www\web\Hw3ms\ThinkPHP\Library\Think\Db\Driver.class.php 第 114 行.
NOTIC: [8] Undefined offset: 0 E:\www\web\Hw3ms\ThinkPHP\Library\Think\Db\Driver.class.php 第 119 行.
NOTIC: [8] Undefined offset: 39 E:\www\web\Hw3ms\Application\Home\Controller\IndexController.class.php 第 19 行.
NOTIC: [8] Undefined offset: 44 E:\www\web\Hw3ms\Application\Home\Controller\IndexController.class.php 第 21 行.
NOTIC: [8] Undefined offset: 45 E:\www\web\Hw3ms\Application\Home\Controller\IndexController.class.php 第 23 行.
NOTIC: [8] Undefined offset: 45 E:\www\web\Hw3ms\Application\Home\Controller\IndexController.class.php 第 25 行.
NOTIC: [8] Undefined offset: 45 E:\www\web\Hw3ms\Application\Home\Controller\IndexController.class.php 第 27 行.
NOTIC: [8] Undefined offset: 45 E:\www\web\Hw3ms\Application\Home\Controller\IndexController.class.php 第 29 行.
NOTIC: [8] Undefined index: debug E:\www\web\Hw3ms\ThinkPHP\Library\Think\Db\Driver.class.php 第 114 行.
NOTIC: [8] Undefined offset: 0 E:\www\web\Hw3ms\ThinkPHP\Library\Think\Db\Driver.class.php 第 119 行.
NOTIC: [8] Undefined index: debug E:\www\web\Hw3ms\ThinkPHP\Library\Think\Db\Driver.class.php 第 114 行.
NOTIC: [8] Undefined offset: 0 E:\www\web\Hw3ms\ThinkPHP\Library\Think\Db\Driver.class.php 第 119 行.
NOTIC: [8] Undefined index: debug E:\www\web\Hw3ms\ThinkPHP\Library\Think\Db\Driver.class.php 第 114 行.
NOTIC: [8] Undefined offset: 0 E:\www\web\Hw3ms\ThinkPHP\Library\Think\Db\Driver.class.php 第 119 行.
NOTIC: [8] Undefined index: debug E:\www\web\Hw3ms\ThinkPHP\Library\Think\Db\Driver.class.php 第 114 行.
NOTIC: [8] Undefined offset: 0 E:\www\web\Hw3ms\ThinkPHP\Library\Think\Db\Driver.class.php 第 119 行.
NOTIC: [8] Undefined index: debug E:\www\web\Hw3ms\ThinkPHP\Library\Think\Db\Driver.class.php 第 114 行.
NOTIC: [8] Undefined offset: 0 E:\www\web\Hw3ms\ThinkPHP\Library\Think\Db\Driver.class.php 第 119 行.
NOTIC: [8] Undefined index: debug E:\www\web\Hw3ms\ThinkPHP\Library\Think\Db\Driver.class.php 第 114 行.
NOTIC: [8] Undefined offset: 0 E:\www\web\Hw3ms\ThinkPHP\Library\Think\Db\Driver.class.php 第 119 行.
NOTIC: [2] Invalid argument supplied for foreach() E:\www\web\Hw3ms\Application\Home\Controller\IndexController.class.php 第 64 行.
NOTIC: [8] Undefined index: debug E:\www\web\Hw3ms\ThinkPHP\Library\Think\Db\Driver.class.php 第 114 行.
NOTIC: [8] Undefined offset: 0 E:\www\web\Hw3ms\ThinkPHP\Library\Think\Db\Driver.class.php 第 119 行.
NOTIC: [8] Undefined index: debug E:\www\web\Hw3ms\ThinkPHP\Library\Think\Db\Driver.class.php 第 114 行.
NOTIC: [8] Undefined offset: 0 E:\www\web\Hw3ms\ThinkPHP\Library\Think\Db\Driver.class.php 第 119 行.
NOTIC: [8] Undefined index: debug E:\www\web\Hw3ms\ThinkPHP\Library\Think\Db\Driver.class.php 第 114 行.
NOTIC: [8] Undefined offset: 0 E:\www\web\Hw3ms\ThinkPHP\Library\Think\Db\Driver.class.php 第 119 行.
NOTIC: [8] Undefined index: debug E:\www\web\Hw3ms\ThinkPHP\Library\Think\Db\Driver.class.php 第 114 行.
NOTIC: [8] Undefined offset: 0 E:\www\web\Hw3ms\ThinkPHP\Library\Think\Db\Driver.class.php 第 119 行.
NOTIC: [2] Invalid argument supplied for foreach() E:\www\web\Hw3ms\Application\Home\Controller\IndexController.class.php 第 64 行.
NOTIC: [8] Undefined index: debug E:\www\web\Hw3ms\ThinkPHP\Library\Think\Db\Driver.class.php 第 114 行.
NOTIC: [8] Undefined offset: 0 E:\www\web\Hw3ms\ThinkPHP\Library\Think\Db\Driver.class.php 第 119 行.
NOTIC: [8] Undefined index: debug E:\www\web\Hw3ms\ThinkPHP\Library\Think\Db\Driver.class.php 第 114 行.
NOTIC: [8] Undefined offset: 0 E:\www\web\Hw3ms\ThinkPHP\Library\Think\Db\Driver.class.php 第 119 行.
NOTIC: [2] Invalid argument supplied for foreach() E:\www\web\Hw3ms\Application\Home\Controller\IndexController.class.php 第 64 行.
NOTIC: [8] Undefined index: debug E:\www\web\Hw3ms\ThinkPHP\Library\Think\Db\Driver.class.php 第 114 行.
NOTIC: [8] Undefined offset: 0 E:\www\web\Hw3ms\ThinkPHP\Library\Think\Db\Driver.class.php 第 119 行.
NOTIC: [8] Undefined index: debug E:\www\web\Hw3ms\ThinkPHP\Library\Think\Db\Driver.class.php 第 114 行.
NOTIC: [8] Undefined offset: 0 E:\www\web\Hw3ms\ThinkPHP\Library\Think\Db\Driver.class.php 第 119 行.
NOTIC: [2] Invalid argument supplied for foreach() E:\www\web\Hw3ms\Application\Home\Controller\IndexController.class.php 第 64 行.
NOTIC: [8] Undefined index: debug E:\www\web\Hw3ms\ThinkPHP\Library\Think\Db\Driver.class.php 第 114 行.
NOTIC: [8] Undefined offset: 0 E:\www\web\Hw3ms\ThinkPHP\Library\Think\Db\Driver.class.php 第 119 行.
INFO: [ view_parse ] --START--
INFO: [ template_filter ] --START--
INFO: Run Behavior\ContentReplaceBehavior [ RunTime:0.000253s ]
INFO: [ template_filter ] --END-- [ RunTime:0.000369s ]
NOTIC: [8] Undefined variable: val E:\www\web\Hw3ms\Runtime\Cache\Home\17d0e3b11d4b54516774bc6443bf09af.php 第 90 行.
INFO: Run Behavior\ParseTemplateBehavior [ RunTime:0.044332s ]
INFO: [ view_parse ] --END-- [ RunTime:0.044447s ]
INFO: [ view_filter ] --START--
INFO: Run Behavior\WriteHtmlCacheBehavior [ RunTime:0.000706s ]
INFO: [ view_filter ] --END-- [ RunTime:0.000761s ]
INFO: [ app_end ] --START--
INFO: Run Behavior\ShowPageTraceBehavior [ RunTime:0.000730s ]
INFO: [ app_end ] --END-- [ RunTime:0.000793s ]

[ 2018-06-05T10:48:56+08:00 ] ::1 /web/Hw3ms/
INFO: [ app_init ] --START--
INFO: Run Behavior\BuildLiteBehavior [ RunTime:0.000015s ]
INFO: [ app_init ] --END-- [ RunTime:0.000378s ]
INFO: [ app_begin ] --START--
INFO: Run Behavior\ReadHtmlCacheBehavior [ RunTime:0.000387s ]
INFO: [ app_begin ] --END-- [ RunTime:0.000446s ]
SQL: SHOW COLUMNS FROM `hw3ms_admin_nav` [ RunTime:0.0073s ]
SQL: SELECT * FROM `hw3ms_admin_nav` ORDER BY `order_number`,id is null,`order_number`,`id`  [ RunTime:0.0016s ]
SQL: SHOW COLUMNS FROM `hw3ms_video` [ RunTime:0.0058s ]
SQL: SELECT * FROM `hw3ms_video` WHERE ( status=1 ) ORDER BY `order_number`  [ RunTime:0.0006s ]
SQL: SHOW COLUMNS FROM `hw3ms_category` [ RunTime:0.0008s ]
SQL: SELECT * FROM `hw3ms_category` WHERE ( navid=42 ) ORDER BY `order_number`  [ RunTime:0.0003s ]
SQL: SHOW COLUMNS FROM `hw3ms_ziliao` [ RunTime:0.0086s ]
SQL: SELECT * FROM `hw3ms_ziliao` WHERE `cateid` IN ('355') AND `status` = 1 ORDER BY `order_number`  [ RunTime:0.0005s ]
SQL: SELECT * FROM `hw3ms_category` WHERE ( navid=43 ) ORDER BY `order_number`  [ RunTime:0.0003s ]
SQL: SELECT * FROM `hw3ms_ziliao` WHERE `cateid` IN ('356') AND `status` = 1 ORDER BY `order_number`  [ RunTime:0.0004s ]
SQL: SELECT * FROM `hw3ms_category` WHERE ( navid=47 ) ORDER BY `order_number`  [ RunTime:0.0003s ]
SQL: SELECT * FROM `hw3ms_ziliao` WHERE `cateid` IN ('343','344') AND `status` = 1 ORDER BY `order_number`  [ RunTime:0.0018s ]
SQL: SELECT * FROM `hw3ms_category` WHERE ( navid=48 ) ORDER BY `order_number`  [ RunTime:0.0004s ]
SQL: SELECT * FROM `hw3ms_ziliao` WHERE `cateid` IN ('345','346','347') AND `status` = 1 ORDER BY `order_number`  [ RunTime:0.0004s ]
INFO: [ view_parse ] --START--
INFO: [ template_filter ] --START--
INFO: Run Behavior\ContentReplaceBehavior [ RunTime:0.000152s ]
INFO: [ template_filter ] --END-- [ RunTime:0.000213s ]
INFO: Run Behavior\ParseTemplateBehavior [ RunTime:0.020537s ]
INFO: [ view_parse ] --END-- [ RunTime:0.020727s ]
INFO: [ view_filter ] --START--
INFO: Run Behavior\WriteHtmlCacheBehavior [ RunTime:0.000987s ]
INFO: [ view_filter ] --END-- [ RunTime:0.001073s ]
INFO: [ app_end ] --START--
INFO: Run Behavior\ShowPageTraceBehavior [ RunTime:0.001276s ]
INFO: [ app_end ] --END-- [ RunTime:0.001366s ]

[ 2018-06-05T10:59:03+08:00 ] ::1 /web/Hw3ms/
INFO: [ app_init ] --START--
INFO: Run Behavior\BuildLiteBehavior [ RunTime:0.000045s ]
INFO: [ app_init ] --END-- [ RunTime:0.001340s ]
INFO: [ app_begin ] --START--
INFO: Run Behavior\ReadHtmlCacheBehavior [ RunTime:0.001318s ]
INFO: [ app_begin ] --END-- [ RunTime:0.001434s ]
SQL: SHOW COLUMNS FROM `hw3ms_admin_nav` [ RunTime:0.0012s ]
SQL: SELECT * FROM `hw3ms_admin_nav` ORDER BY `order_number`,id is null,`order_number`,`id`  [ RunTime:0.0014s ]
SQL: SHOW COLUMNS FROM `hw3ms_video` [ RunTime:0.0009s ]
SQL: SELECT * FROM `hw3ms_video` WHERE ( status=1 ) ORDER BY `order_number`  [ RunTime:0.0003s ]
SQL: SHOW COLUMNS FROM `hw3ms_category` [ RunTime:0.0007s ]
SQL: SELECT * FROM `hw3ms_category` WHERE ( navid=42 ) ORDER BY `order_number`  [ RunTime:0.0003s ]
SQL: SHOW COLUMNS FROM `hw3ms_ziliao` [ RunTime:0.0006s ]
SQL: SELECT * FROM `hw3ms_ziliao` WHERE `cateid` IN ('355') AND `status` = 1 ORDER BY `order_number`  [ RunTime:0.0004s ]
SQL: SELECT * FROM `hw3ms_category` WHERE ( navid=43 ) ORDER BY `order_number`  [ RunTime:0.0003s ]
SQL: SELECT * FROM `hw3ms_ziliao` WHERE `cateid` IN ('356') AND `status` = 1 ORDER BY `order_number`  [ RunTime:0.0003s ]
SQL: SELECT * FROM `hw3ms_category` WHERE ( navid=47 ) ORDER BY `order_number`  [ RunTime:0.0004s ]
SQL: SELECT * FROM `hw3ms_ziliao` WHERE `cateid` IN ('343','344') AND `status` = 1 ORDER BY `order_number`  [ RunTime:0.0008s ]
SQL: SELECT * FROM `hw3ms_category` WHERE ( navid=48 ) ORDER BY `order_number`  [ RunTime:0.0004s ]
SQL: SELECT * FROM `hw3ms_ziliao` WHERE `cateid` IN ('345','346','347') AND `status` = 1 ORDER BY `order_number`  [ RunTime:0.0004s ]
INFO: [ view_parse ] --START--
INFO: [ template_filter ] --START--
INFO: Run Behavior\ContentReplaceBehavior [ RunTime:0.000146s ]
INFO: [ template_filter ] --END-- [ RunTime:0.000212s ]
INFO: Run Behavior\ParseTemplateBehavior [ RunTime:0.021572s ]
INFO: [ view_parse ] --END-- [ RunTime:0.021641s ]
INFO: [ view_filter ] --START--
INFO: Run Behavior\WriteHtmlCacheBehavior [ RunTime:0.000851s ]
INFO: [ view_filter ] --END-- [ RunTime:0.000940s ]
INFO: [ app_end ] --START--
INFO: Run Behavior\ShowPageTraceBehavior [ RunTime:0.001082s ]
INFO: [ app_end ] --END-- [ RunTime:0.001183s ]

[ 2018-06-05T15:06:01+08:00 ] ::1 /web/Hw3ms2/
INFO: [ app_init ] --START--
INFO: Run Behavior\BuildLiteBehavior [ RunTime:0.000039s ]
INFO: [ app_init ] --END-- [ RunTime:0.016995s ]
INFO: [ app_begin ] --START--
INFO: Run Behavior\ReadHtmlCacheBehavior [ RunTime:0.027885s ]
INFO: [ app_begin ] --END-- [ RunTime:0.028092s ]
SQL: SHOW COLUMNS FROM `hw3ms_admin_nav` [ RunTime:0.0035s ]
SQL: SELECT * FROM `hw3ms_admin_nav` ORDER BY `order_number`,id is null,`order_number`,`id`  [ RunTime:0.0008s ]
SQL: SHOW COLUMNS FROM `hw3ms_video` [ RunTime:0.0032s ]
SQL: SELECT * FROM `hw3ms_video` WHERE ( status=1 ) ORDER BY `order_number`  [ RunTime:0.0012s ]
SQL: SHOW COLUMNS FROM `hw3ms_category` [ RunTime:0.0028s ]
SQL: SELECT * FROM `hw3ms_category` WHERE ( navid=42 ) ORDER BY `order_number`  [ RunTime:0.0012s ]
SQL: SHOW COLUMNS FROM `hw3ms_ziliao` [ RunTime:0.0028s ]
SQL: SELECT * FROM `hw3ms_ziliao` WHERE `cateid` IN ('355') AND `status` = 1 ORDER BY `order_number`  [ RunTime:0.0018s ]
SQL: SELECT * FROM `hw3ms_category` WHERE ( navid=43 ) ORDER BY `order_number`  [ RunTime:0.0009s ]
SQL: SELECT * FROM `hw3ms_ziliao` WHERE `cateid` IN ('356') AND `status` = 1 ORDER BY `order_number`  [ RunTime:0.0015s ]
SQL: SELECT * FROM `hw3ms_category` WHERE ( navid=47 ) ORDER BY `order_number`  [ RunTime:0.0011s ]
SQL: SELECT * FROM `hw3ms_ziliao` WHERE `cateid` IN ('343','344') AND `status` = 1 ORDER BY `order_number`  [ RunTime:0.0014s ]
SQL: SELECT * FROM `hw3ms_category` WHERE ( navid=48 ) ORDER BY `order_number`  [ RunTime:0.0009s ]
SQL: SELECT * FROM `hw3ms_ziliao` WHERE `cateid` IN ('345','346','347') AND `status` = 1 ORDER BY `order_number`  [ RunTime:0.0013s ]
INFO: [ view_parse ] --START--
INFO: [ template_filter ] --START--
INFO: Run Behavior\ContentReplaceBehavior [ RunTime:0.000239s ]
INFO: [ template_filter ] --END-- [ RunTime:0.000349s ]
INFO: Run Behavior\ParseTemplateBehavior [ RunTime:0.192752s ]
INFO: [ view_parse ] --END-- [ RunTime:0.192894s ]
INFO: [ view_filter ] --START--
INFO: Run Behavior\WriteHtmlCacheBehavior [ RunTime:0.008124s ]
INFO: [ view_filter ] --END-- [ RunTime:0.008187s ]
INFO: [ app_end ] --START--
INFO: Run Behavior\ShowPageTraceBehavior [ RunTime:0.017065s ]
INFO: [ app_end ] --END-- [ RunTime:0.017148s ]

[ 2018-06-05T15:06:18+08:00 ] ::1 /web/Hw3ms2/
INFO: [ app_init ] --START--
INFO: Run Behavior\BuildLiteBehavior [ RunTime:0.000017s ]
INFO: [ app_init ] --END-- [ RunTime:0.000598s ]
INFO: [ app_begin ] --START--
INFO: Run Behavior\ReadHtmlCacheBehavior [ RunTime:0.001321s ]
INFO: [ app_begin ] --END-- [ RunTime:0.001387s ]
SQL: SHOW COLUMNS FROM `hw3ms_admin_nav` [ RunTime:0.0008s ]
SQL: SELECT * FROM `hw3ms_admin_nav` ORDER BY `order_number`,id is null,`order_number`,`id`  [ RunTime:0.0004s ]
SQL: SHOW COLUMNS FROM `hw3ms_video` [ RunTime:0.0024s ]
SQL: SELECT * FROM `hw3ms_video` WHERE ( status=1 ) ORDER BY `order_number`  [ RunTime:0.0007s ]
SQL: SHOW COLUMNS FROM `hw3ms_category` [ RunTime:0.0008s ]
SQL: SELECT * FROM `hw3ms_category` WHERE ( navid=42 ) ORDER BY `order_number`  [ RunTime:0.0003s ]
SQL: SHOW COLUMNS FROM `hw3ms_ziliao` [ RunTime:0.0008s ]
SQL: SELECT * FROM `hw3ms_ziliao` WHERE `cateid` IN ('355') AND `status` = 1 ORDER BY `order_number`  [ RunTime:0.0008s ]
SQL: SELECT * FROM `hw3ms_category` WHERE ( navid=43 ) ORDER BY `order_number`  [ RunTime:0.0004s ]
SQL: SELECT * FROM `hw3ms_ziliao` WHERE `cateid` IN ('356') AND `status` = 1 ORDER BY `order_number`  [ RunTime:0.0004s ]
SQL: SELECT * FROM `hw3ms_category` WHERE ( navid=47 ) ORDER BY `order_number`  [ RunTime:0.0003s ]
SQL: SELECT * FROM `hw3ms_ziliao` WHERE `cateid` IN ('343','344') AND `status` = 1 ORDER BY `order_number`  [ RunTime:0.0004s ]
SQL: SELECT * FROM `hw3ms_category` WHERE ( navid=48 ) ORDER BY `order_number`  [ RunTime:0.0003s ]
SQL: SELECT * FROM `hw3ms_ziliao` WHERE `cateid` IN ('345','346','347') AND `status` = 1 ORDER BY `order_number`  [ RunTime:0.0004s ]
INFO: [ view_parse ] --START--
INFO: [ template_filter ] --START--
INFO: Run Behavior\ContentReplaceBehavior [ RunTime:0.000245s ]
INFO: [ template_filter ] --END-- [ RunTime:0.000342s ]
INFO: Run Behavior\ParseTemplateBehavior [ RunTime:0.038240s ]
INFO: [ view_parse ] --END-- [ RunTime:0.038304s ]
INFO: [ view_filter ] --START--
INFO: Run Behavior\WriteHtmlCacheBehavior [ RunTime:0.001448s ]
INFO: [ view_filter ] --END-- [ RunTime:0.001511s ]
INFO: [ app_end ] --START--
INFO: Run Behavior\ShowPageTraceBehavior [ RunTime:0.001313s ]
INFO: [ app_end ] --END-- [ RunTime:0.001461s ]

