[ 2018-03-26T09:04:51+08:00 ] ::1 /web/Hw3ms/
INFO: [ app_init ] --START--
INFO: Run Behavior\BuildLiteBehavior [ RunTime:0.000000s ]
INFO: [ app_init ] --END-- [ RunTime:0.005000s ]
INFO: [ app_begin ] --START--
INFO: Run Behavior\ReadHtmlCacheBehavior [ RunTime:0.003000s ]
INFO: [ app_begin ] --END-- [ RunTime:0.005000s ]
SQL: SHOW COLUMNS FROM `hw3ms_admin_nav` [ RunTime:0.0440s ]
SQL: SELECT * FROM `hw3ms_admin_nav` ORDER BY `order_number`,id is null,`order_number`,`id`  [ RunTime:0.0060s ]
SQL: SHOW COLUMNS FROM `hw3ms_video` [ RunTime:0.0060s ]
SQL: SELECT * FROM `hw3ms_video` WHERE ( status=1 ) ORDER BY `order_number`  [ RunTime:0.0040s ]
SQL: SHOW COLUMNS FROM `hw3ms_category` [ RunTime:0.0060s ]
SQL: SELECT * FROM `hw3ms_category` WHERE ( navid=42 ) ORDER BY `order_number`  [ RunTime:0.0020s ]
SQL: SHOW COLUMNS FROM `hw3ms_ziliao` [ RunTime:0.0050s ]
SQL: SELECT * FROM `hw3ms_ziliao` WHERE `cateid` IN ('355') AND `status` = 1 ORDER BY `order_number`  [ RunTime:0.0050s ]
SQL: SELECT * FROM `hw3ms_category` WHERE ( navid=43 ) ORDER BY `order_number`  [ RunTime:0.0020s ]
SQL: SELECT * FROM `hw3ms_ziliao` WHERE `cateid` IN ('356') AND `status` = 1 ORDER BY `order_number`  [ RunTime:0.0020s ]
SQL: SELECT * FROM `hw3ms_category` WHERE ( navid=47 ) ORDER BY `order_number`  [ RunTime:0.0020s ]
SQL: SELECT * FROM `hw3ms_ziliao` WHERE `cateid` IN ('343','344') AND `status` = 1 ORDER BY `order_number`  [ RunTime:0.0020s ]
SQL: SELECT * FROM `hw3ms_category` WHERE ( navid=48 ) ORDER BY `order_number`  [ RunTime:0.0010s ]
SQL: SELECT * FROM `hw3ms_ziliao` WHERE `cateid` IN ('345','346','347') AND `status` = 1 ORDER BY `order_number`  [ RunTime:0.0020s ]
INFO: [ view_parse ] --START--
INFO: [ template_filter ] --START--
INFO: Run Behavior\ContentReplaceBehavior [ RunTime:0.004000s ]
INFO: [ template_filter ] --END-- [ RunTime:0.008000s ]
INFO: Run Behavior\ParseTemplateBehavior [ RunTime:0.216012s ]
INFO: [ view_parse ] --END-- [ RunTime:0.216012s ]
INFO: [ view_filter ] --START--
INFO: Run Behavior\WriteHtmlCacheBehavior [ RunTime:0.005000s ]
INFO: [ view_filter ] --END-- [ RunTime:0.005000s ]
INFO: [ app_end ] --START--
INFO: Run Behavior\ShowPageTraceBehavior [ RunTime:0.038002s ]
INFO: [ app_end ] --END-- [ RunTime:0.040002s ]

[ 2018-03-26T09:33:09+08:00 ] ::1 /web/Hw3ms/
INFO: [ app_init ] --START--
INFO: Run Behavior\BuildLiteBehavior [ RunTime:0.001000s ]
INFO: [ app_init ] --END-- [ RunTime:0.002000s ]
INFO: [ app_begin ] --START--
INFO: Run Behavior\ReadHtmlCacheBehavior [ RunTime:0.003000s ]
INFO: [ app_begin ] --END-- [ RunTime:0.004000s ]
SQL: SHOW COLUMNS FROM `hw3ms_admin_nav` [ RunTime:0.0020s ]
SQL: SELECT * FROM `hw3ms_admin_nav` ORDER BY `order_number`,id is null,`order_number`,`id`  [ RunTime:0.0010s ]
SQL: SHOW COLUMNS FROM `hw3ms_video` [ RunTime:0.0030s ]
SQL: SELECT * FROM `hw3ms_video` WHERE ( status=1 ) ORDER BY `order_number`  [ RunTime:0.0010s ]
SQL: SHOW COLUMNS FROM `hw3ms_category` [ RunTime:0.0020s ]
SQL: SELECT * FROM `hw3ms_category` WHERE ( navid=42 ) ORDER BY `order_number`  [ RunTime:0.0010s ]
SQL: SHOW COLUMNS FROM `hw3ms_ziliao` [ RunTime:0.0020s ]
SQL: SELECT * FROM `hw3ms_ziliao` WHERE `cateid` IN ('355') AND `status` = 1 ORDER BY `order_number`  [ RunTime:0.0020s ]
SQL: SELECT * FROM `hw3ms_category` WHERE ( navid=43 ) ORDER BY `order_number`  [ RunTime:0.0010s ]
SQL: SELECT * FROM `hw3ms_ziliao` WHERE `cateid` IN ('356') AND `status` = 1 ORDER BY `order_number`  [ RunTime:0.0010s ]
SQL: SELECT * FROM `hw3ms_category` WHERE ( navid=47 ) ORDER BY `order_number`  [ RunTime:0.0010s ]
SQL: SELECT * FROM `hw3ms_ziliao` WHERE `cateid` IN ('343','344') AND `status` = 1 ORDER BY `order_number`  [ RunTime:0.0010s ]
SQL: SELECT * FROM `hw3ms_category` WHERE ( navid=48 ) ORDER BY `order_number`  [ RunTime:0.0010s ]
SQL: SELECT * FROM `hw3ms_ziliao` WHERE `cateid` IN ('345','346','347') AND `status` = 1 ORDER BY `order_number`  [ RunTime:0.0010s ]
INFO: [ view_parse ] --START--
INFO: [ template_filter ] --START--
INFO: Run Behavior\ContentReplaceBehavior [ RunTime:0.001000s ]
INFO: [ template_filter ] --END-- [ RunTime:0.002000s ]
INFO: Run Behavior\ParseTemplateBehavior [ RunTime:0.280016s ]
INFO: [ view_parse ] --END-- [ RunTime:0.281016s ]
INFO: [ view_filter ] --START--
INFO: Run Behavior\WriteHtmlCacheBehavior [ RunTime:0.001000s ]
INFO: [ view_filter ] --END-- [ RunTime:0.003000s ]
INFO: [ app_end ] --START--
INFO: Run Behavior\ShowPageTraceBehavior [ RunTime:0.003000s ]
INFO: [ app_end ] --END-- [ RunTime:0.003000s ]

[ 2018-03-26T09:40:45+08:00 ] ::1 /web/Hw3ms/
INFO: [ app_init ] --START--
INFO: Run Behavior\BuildLiteBehavior [ RunTime:0.000000s ]
INFO: [ app_init ] --END-- [ RunTime:0.004000s ]
INFO: [ app_begin ] --START--
INFO: Run Behavior\ReadHtmlCacheBehavior [ RunTime:0.002001s ]
INFO: [ app_begin ] --END-- [ RunTime:0.003001s ]
SQL: SHOW COLUMNS FROM `hw3ms_admin_nav` [ RunTime:0.0030s ]
SQL: SELECT * FROM `hw3ms_admin_nav` ORDER BY `order_number`,id is null,`order_number`,`id`  [ RunTime:0.0010s ]
SQL: SHOW COLUMNS FROM `hw3ms_video` [ RunTime:0.0030s ]
SQL: SELECT * FROM `hw3ms_video` WHERE ( status=1 ) ORDER BY `order_number`  [ RunTime:0.0020s ]
SQL: SHOW COLUMNS FROM `hw3ms_category` [ RunTime:0.0030s ]
SQL: SELECT * FROM `hw3ms_category` WHERE ( navid=42 ) ORDER BY `order_number`  [ RunTime:0.0010s ]
SQL: SHOW COLUMNS FROM `hw3ms_ziliao` [ RunTime:0.0030s ]
SQL: SELECT * FROM `hw3ms_ziliao` WHERE `cateid` IN ('355') AND `status` = 1 ORDER BY `order_number`  [ RunTime:0.0030s ]
SQL: SELECT * FROM `hw3ms_category` WHERE ( navid=43 ) ORDER BY `order_number`  [ RunTime:0.0020s ]
SQL: SELECT * FROM `hw3ms_ziliao` WHERE `cateid` IN ('356') AND `status` = 1 ORDER BY `order_number`  [ RunTime:0.0020s ]
SQL: SELECT * FROM `hw3ms_category` WHERE ( navid=47 ) ORDER BY `order_number`  [ RunTime:0.0010s ]
SQL: SELECT * FROM `hw3ms_ziliao` WHERE `cateid` IN ('343','344') AND `status` = 1 ORDER BY `order_number`  [ RunTime:0.0020s ]
SQL: SELECT * FROM `hw3ms_category` WHERE ( navid=48 ) ORDER BY `order_number`  [ RunTime:0.0010s ]
SQL: SELECT * FROM `hw3ms_ziliao` WHERE `cateid` IN ('345','346','347') AND `status` = 1 ORDER BY `order_number`  [ RunTime:0.0020s ]
INFO: [ view_parse ] --START--
INFO: [ template_filter ] --START--
INFO: Run Behavior\ContentReplaceBehavior [ RunTime:0.001000s ]
INFO: [ template_filter ] --END-- [ RunTime:0.002000s ]
INFO: Run Behavior\ParseTemplateBehavior [ RunTime:0.187011s ]
INFO: [ view_parse ] --END-- [ RunTime:0.187011s ]
INFO: [ view_filter ] --START--
INFO: Run Behavior\WriteHtmlCacheBehavior [ RunTime:0.003000s ]
INFO: [ view_filter ] --END-- [ RunTime:0.004000s ]
INFO: [ app_end ] --START--
INFO: Run Behavior\ShowPageTraceBehavior [ RunTime:0.003000s ]
INFO: [ app_end ] --END-- [ RunTime:0.003000s ]

[ 2018-03-26T09:40:48+08:00 ] ::1 /web/Hw3ms/index.php/Home/Detail/index/nav/50
INFO: [ app_init ] --START--
INFO: Run Behavior\BuildLiteBehavior [ RunTime:0.000000s ]
INFO: [ app_init ] --END-- [ RunTime:0.002000s ]
INFO: [ app_begin ] --START--
INFO: Run Behavior\ReadHtmlCacheBehavior [ RunTime:0.002000s ]
INFO: [ app_begin ] --END-- [ RunTime:0.003001s ]
NOTIC: [2048] Declaration of Common\Model\CategoryModel::getTreeData() should be compatible with Common\Model\BaseModel::getTreeData($type = 'tree', $order = '', $name = 'name', $child = 'id', $parent = 'pid') D:\wamp64\www\web\Hw3ms\Application\Common\Model\CategoryModel.class.php 第 10 行.
SQL: SHOW COLUMNS FROM `hw3ms_category` [ RunTime:0.0030s ]
SQL: SELECT * FROM `hw3ms_category` WHERE ( navid=50 ) ORDER BY `order_number`  [ RunTime:0.0020s ]
SQL: SHOW COLUMNS FROM `hw3ms_ziliao` [ RunTime:0.0030s ]
SQL: SELECT * FROM `hw3ms_ziliao` WHERE ( cateid=16 ) ORDER BY `order_number`  [ RunTime:0.0010s ]
SQL: SELECT * FROM `hw3ms_ziliao` WHERE ( cateid=17 ) ORDER BY `order_number`  [ RunTime:0.0010s ]
SQL: SELECT * FROM `hw3ms_ziliao` WHERE ( cateid=18 ) ORDER BY `order_number`  [ RunTime:0.0020s ]
SQL: SELECT * FROM `hw3ms_ziliao` WHERE ( cateid=19 ) ORDER BY `order_number`  [ RunTime:0.0010s ]
SQL: SELECT * FROM `hw3ms_ziliao` WHERE ( cateid=20 ) ORDER BY `order_number`  [ RunTime:0.0010s ]
SQL: SELECT * FROM `hw3ms_ziliao` WHERE ( cateid=21 ) ORDER BY `order_number`  [ RunTime:0.0010s ]
SQL: SELECT * FROM `hw3ms_ziliao` WHERE ( cateid=22 ) ORDER BY `order_number`  [ RunTime:0.0010s ]
SQL: SELECT * FROM `hw3ms_ziliao` WHERE ( cateid=23 ) ORDER BY `order_number`  [ RunTime:0.0020s ]
SQL: SELECT * FROM `hw3ms_ziliao` WHERE ( cateid=24 ) ORDER BY `order_number`  [ RunTime:0.0020s ]
SQL: SHOW COLUMNS FROM `hw3ms_admin_nav` [ RunTime:0.0020s ]
SQL: SELECT * FROM `hw3ms_admin_nav` WHERE ( id=50 ) LIMIT 1   [ RunTime:0.0010s ]
SQL: SELECT * FROM `hw3ms_admin_nav` WHERE ( id=50 ) LIMIT 1   [ RunTime:0.0000s ]
SQL: SELECT * FROM `hw3ms_admin_nav` WHERE ( pid=40 ) ORDER BY `order_number`  [ RunTime:0.0020s ]
INFO: [ view_parse ] --START--
INFO: [ template_filter ] --START--
INFO: Run Behavior\ContentReplaceBehavior [ RunTime:0.001001s ]
INFO: [ template_filter ] --END-- [ RunTime:0.002001s ]
INFO: Run Behavior\ParseTemplateBehavior [ RunTime:0.089005s ]
INFO: [ view_parse ] --END-- [ RunTime:0.089005s ]
INFO: [ view_filter ] --START--
INFO: Run Behavior\WriteHtmlCacheBehavior [ RunTime:0.002000s ]
INFO: [ view_filter ] --END-- [ RunTime:0.002000s ]
INFO: [ app_end ] --START--
INFO: Run Behavior\ShowPageTraceBehavior [ RunTime:0.008001s ]
INFO: [ app_end ] --END-- [ RunTime:0.013001s ]

[ 2018-03-26T09:40:55+08:00 ] ::1 /web/Hw3ms/index.php/Home/Detail/index/nav/51
INFO: [ app_init ] --START--
INFO: Run Behavior\BuildLiteBehavior [ RunTime:0.000000s ]
INFO: [ app_init ] --END-- [ RunTime:0.001000s ]
INFO: [ app_begin ] --START--
INFO: Run Behavior\ReadHtmlCacheBehavior [ RunTime:0.001000s ]
INFO: [ app_begin ] --END-- [ RunTime:0.001000s ]
NOTIC: [2048] Declaration of Common\Model\CategoryModel::getTreeData() should be compatible with Common\Model\BaseModel::getTreeData($type = 'tree', $order = '', $name = 'name', $child = 'id', $parent = 'pid') D:\wamp64\www\web\Hw3ms\Application\Common\Model\CategoryModel.class.php 第 10 行.
SQL: SHOW COLUMNS FROM `hw3ms_category` [ RunTime:0.0010s ]
SQL: SELECT * FROM `hw3ms_category` WHERE ( navid=51 ) ORDER BY `order_number`  [ RunTime:0.0010s ]
SQL: SHOW COLUMNS FROM `hw3ms_ziliao` [ RunTime:0.0020s ]
SQL: SELECT * FROM `hw3ms_ziliao` WHERE ( cateid=26 ) ORDER BY `order_number`  [ RunTime:0.0010s ]
SQL: SELECT * FROM `hw3ms_ziliao` WHERE ( cateid=27 ) ORDER BY `order_number`  [ RunTime:0.0010s ]
SQL: SELECT * FROM `hw3ms_ziliao` WHERE ( cateid=28 ) ORDER BY `order_number`  [ RunTime:0.0010s ]
SQL: SELECT * FROM `hw3ms_ziliao` WHERE ( cateid=29 ) ORDER BY `order_number`  [ RunTime:0.0010s ]
SQL: SELECT * FROM `hw3ms_ziliao` WHERE ( cateid=30 ) ORDER BY `order_number`  [ RunTime:0.0010s ]
SQL: SELECT * FROM `hw3ms_ziliao` WHERE ( cateid=31 ) ORDER BY `order_number`  [ RunTime:0.0010s ]
SQL: SELECT * FROM `hw3ms_ziliao` WHERE ( cateid=32 ) ORDER BY `order_number`  [ RunTime:0.0000s ]
SQL: SELECT * FROM `hw3ms_ziliao` WHERE ( cateid=33 ) ORDER BY `order_number`  [ RunTime:0.0010s ]
SQL: SELECT * FROM `hw3ms_ziliao` WHERE ( cateid=34 ) ORDER BY `order_number`  [ RunTime:0.0000s ]
SQL: SHOW COLUMNS FROM `hw3ms_admin_nav` [ RunTime:0.0020s ]
SQL: SELECT * FROM `hw3ms_admin_nav` WHERE ( id=51 ) LIMIT 1   [ RunTime:0.0010s ]
SQL: SELECT * FROM `hw3ms_admin_nav` WHERE ( id=51 ) LIMIT 1   [ RunTime:0.0000s ]
SQL: SELECT * FROM `hw3ms_admin_nav` WHERE ( pid=40 ) ORDER BY `order_number`  [ RunTime:0.0010s ]
INFO: [ view_parse ] --START--
INFO: [ template_filter ] --START--
INFO: Run Behavior\ContentReplaceBehavior [ RunTime:0.003000s ]
INFO: [ template_filter ] --END-- [ RunTime:0.003000s ]
INFO: Run Behavior\ParseTemplateBehavior [ RunTime:0.106006s ]
INFO: [ view_parse ] --END-- [ RunTime:0.106006s ]
INFO: [ view_filter ] --START--
INFO: Run Behavior\WriteHtmlCacheBehavior [ RunTime:0.002000s ]
INFO: [ view_filter ] --END-- [ RunTime:0.002000s ]
INFO: [ app_end ] --START--
INFO: Run Behavior\ShowPageTraceBehavior [ RunTime:0.044003s ]
INFO: [ app_end ] --END-- [ RunTime:0.045003s ]

[ 2018-03-26T09:41:00+08:00 ] ::1 /web/Hw3ms/index.php/Home/Detail/index/nav/55
INFO: [ app_init ] --START--
INFO: Run Behavior\BuildLiteBehavior [ RunTime:0.000000s ]
INFO: [ app_init ] --END-- [ RunTime:0.002000s ]
INFO: [ app_begin ] --START--
INFO: Run Behavior\ReadHtmlCacheBehavior [ RunTime:0.002000s ]
INFO: [ app_begin ] --END-- [ RunTime:0.002000s ]
NOTIC: [2048] Declaration of Common\Model\CategoryModel::getTreeData() should be compatible with Common\Model\BaseModel::getTreeData($type = 'tree', $order = '', $name = 'name', $child = 'id', $parent = 'pid') D:\wamp64\www\web\Hw3ms\Application\Common\Model\CategoryModel.class.php 第 10 行.
SQL: SHOW COLUMNS FROM `hw3ms_category` [ RunTime:0.0020s ]
SQL: SELECT * FROM `hw3ms_category` WHERE ( navid=55 ) ORDER BY `order_number`  [ RunTime:0.0010s ]
SQL: SHOW COLUMNS FROM `hw3ms_ziliao` [ RunTime:0.0020s ]
SQL: SELECT * FROM `hw3ms_ziliao` WHERE ( cateid=55 ) ORDER BY `order_number`  [ RunTime:0.0010s ]
SQL: SELECT * FROM `hw3ms_ziliao` WHERE ( cateid=56 ) ORDER BY `order_number`  [ RunTime:0.0020s ]
SQL: SELECT * FROM `hw3ms_ziliao` WHERE ( cateid=57 ) ORDER BY `order_number`  [ RunTime:0.0020s ]
SQL: SELECT * FROM `hw3ms_ziliao` WHERE ( cateid=58 ) ORDER BY `order_number`  [ RunTime:0.0020s ]
SQL: SELECT * FROM `hw3ms_ziliao` WHERE ( cateid=59 ) ORDER BY `order_number`  [ RunTime:0.0010s ]
SQL: SELECT * FROM `hw3ms_ziliao` WHERE ( cateid=60 ) ORDER BY `order_number`  [ RunTime:0.0020s ]
SQL: SHOW COLUMNS FROM `hw3ms_admin_nav` [ RunTime:0.0020s ]
SQL: SELECT * FROM `hw3ms_admin_nav` WHERE ( id=55 ) LIMIT 1   [ RunTime:0.0010s ]
SQL: SELECT * FROM `hw3ms_admin_nav` WHERE ( id=55 ) LIMIT 1   [ RunTime:0.0010s ]
SQL: SELECT * FROM `hw3ms_admin_nav` WHERE ( pid=40 ) ORDER BY `order_number`  [ RunTime:0.0010s ]
INFO: [ view_parse ] --START--
INFO: [ template_filter ] --START--
INFO: Run Behavior\ContentReplaceBehavior [ RunTime:0.001000s ]
INFO: [ template_filter ] --END-- [ RunTime:0.001000s ]
INFO: Run Behavior\ParseTemplateBehavior [ RunTime:0.092005s ]
INFO: [ view_parse ] --END-- [ RunTime:0.092005s ]
INFO: [ view_filter ] --START--
INFO: Run Behavior\WriteHtmlCacheBehavior [ RunTime:0.002000s ]
INFO: [ view_filter ] --END-- [ RunTime:0.002000s ]
INFO: [ app_end ] --START--
INFO: Run Behavior\ShowPageTraceBehavior [ RunTime:0.002000s ]
INFO: [ app_end ] --END-- [ RunTime:0.003000s ]

[ 2018-03-26T09:41:53+08:00 ] ::1 /web/Hw3ms/index.php/Home/Detail/index/nav/53
INFO: [ app_init ] --START--
INFO: Run Behavior\BuildLiteBehavior [ RunTime:0.000000s ]
INFO: [ app_init ] --END-- [ RunTime:0.002000s ]
INFO: [ app_begin ] --START--
INFO: Run Behavior\ReadHtmlCacheBehavior [ RunTime:0.002001s ]
INFO: [ app_begin ] --END-- [ RunTime:0.003001s ]
NOTIC: [2048] Declaration of Common\Model\CategoryModel::getTreeData() should be compatible with Common\Model\BaseModel::getTreeData($type = 'tree', $order = '', $name = 'name', $child = 'id', $parent = 'pid') D:\wamp64\www\web\Hw3ms\Application\Common\Model\CategoryModel.class.php 第 10 行.
SQL: SHOW COLUMNS FROM `hw3ms_category` [ RunTime:0.0030s ]
SQL: SELECT * FROM `hw3ms_category` WHERE ( navid=53 ) ORDER BY `order_number`  [ RunTime:0.0010s ]
SQL: SHOW COLUMNS FROM `hw3ms_ziliao` [ RunTime:0.0030s ]
SQL: SELECT * FROM `hw3ms_ziliao` WHERE ( cateid=45 ) ORDER BY `order_number`  [ RunTime:0.0020s ]
SQL: SELECT * FROM `hw3ms_ziliao` WHERE ( cateid=46 ) ORDER BY `order_number`  [ RunTime:0.0020s ]
SQL: SELECT * FROM `hw3ms_ziliao` WHERE ( cateid=47 ) ORDER BY `order_number`  [ RunTime:0.0020s ]
SQL: SELECT * FROM `hw3ms_ziliao` WHERE ( cateid=48 ) ORDER BY `order_number`  [ RunTime:0.0010s ]
SQL: SELECT * FROM `hw3ms_ziliao` WHERE ( cateid=49 ) ORDER BY `order_number`  [ RunTime:0.0010s ]
SQL: SELECT * FROM `hw3ms_ziliao` WHERE ( cateid=50 ) ORDER BY `order_number`  [ RunTime:0.0020s ]
SQL: SELECT * FROM `hw3ms_ziliao` WHERE ( cateid=51 ) ORDER BY `order_number`  [ RunTime:0.0020s ]
SQL: SELECT * FROM `hw3ms_ziliao` WHERE ( cateid=52 ) ORDER BY `order_number`  [ RunTime:0.0010s ]
SQL: SELECT * FROM `hw3ms_ziliao` WHERE ( cateid=53 ) ORDER BY `order_number`  [ RunTime:0.0010s ]
SQL: SHOW COLUMNS FROM `hw3ms_admin_nav` [ RunTime:0.0030s ]
SQL: SELECT * FROM `hw3ms_admin_nav` WHERE ( id=53 ) LIMIT 1   [ RunTime:0.0010s ]
SQL: SELECT * FROM `hw3ms_admin_nav` WHERE ( id=53 ) LIMIT 1   [ RunTime:0.0010s ]
SQL: SELECT * FROM `hw3ms_admin_nav` WHERE ( pid=40 ) ORDER BY `order_number`  [ RunTime:0.0010s ]
INFO: [ view_parse ] --START--
INFO: [ template_filter ] --START--
INFO: Run Behavior\ContentReplaceBehavior [ RunTime:0.001000s ]
INFO: [ template_filter ] --END-- [ RunTime:0.001000s ]
INFO: Run Behavior\ParseTemplateBehavior [ RunTime:0.085005s ]
INFO: [ view_parse ] --END-- [ RunTime:0.087005s ]
INFO: [ view_filter ] --START--
INFO: Run Behavior\WriteHtmlCacheBehavior [ RunTime:0.002000s ]
INFO: [ view_filter ] --END-- [ RunTime:0.002000s ]
INFO: [ app_end ] --START--
INFO: Run Behavior\ShowPageTraceBehavior [ RunTime:0.002000s ]
INFO: [ app_end ] --END-- [ RunTime:0.003000s ]

[ 2018-03-26T09:41:55+08:00 ] ::1 /web/Hw3ms/index.php/Home/index/index
INFO: [ app_init ] --START--
INFO: Run Behavior\BuildLiteBehavior [ RunTime:0.000000s ]
INFO: [ app_init ] --END-- [ RunTime:0.001000s ]
INFO: [ app_begin ] --START--
INFO: Run Behavior\ReadHtmlCacheBehavior [ RunTime:0.001000s ]
INFO: [ app_begin ] --END-- [ RunTime:0.002001s ]
SQL: SHOW COLUMNS FROM `hw3ms_admin_nav` [ RunTime:0.0020s ]
SQL: SELECT * FROM `hw3ms_admin_nav` ORDER BY `order_number`,id is null,`order_number`,`id`  [ RunTime:0.0010s ]
SQL: SHOW COLUMNS FROM `hw3ms_video` [ RunTime:0.0030s ]
SQL: SELECT * FROM `hw3ms_video` WHERE ( status=1 ) ORDER BY `order_number`  [ RunTime:0.0010s ]
SQL: SHOW COLUMNS FROM `hw3ms_category` [ RunTime:0.0020s ]
SQL: SELECT * FROM `hw3ms_category` WHERE ( navid=42 ) ORDER BY `order_number`  [ RunTime:0.0020s ]
SQL: SHOW COLUMNS FROM `hw3ms_ziliao` [ RunTime:0.0020s ]
SQL: SELECT * FROM `hw3ms_ziliao` WHERE `cateid` IN ('355') AND `status` = 1 ORDER BY `order_number`  [ RunTime:0.0020s ]
SQL: SELECT * FROM `hw3ms_category` WHERE ( navid=43 ) ORDER BY `order_number`  [ RunTime:0.0010s ]
SQL: SELECT * FROM `hw3ms_ziliao` WHERE `cateid` IN ('356') AND `status` = 1 ORDER BY `order_number`  [ RunTime:0.0020s ]
SQL: SELECT * FROM `hw3ms_category` WHERE ( navid=47 ) ORDER BY `order_number`  [ RunTime:0.0010s ]
SQL: SELECT * FROM `hw3ms_ziliao` WHERE `cateid` IN ('343','344') AND `status` = 1 ORDER BY `order_number`  [ RunTime:0.0020s ]
SQL: SELECT * FROM `hw3ms_category` WHERE ( navid=48 ) ORDER BY `order_number`  [ RunTime:0.0010s ]
SQL: SELECT * FROM `hw3ms_ziliao` WHERE `cateid` IN ('345','346','347') AND `status` = 1 ORDER BY `order_number`  [ RunTime:0.0020s ]
INFO: [ view_parse ] --START--
INFO: [ template_filter ] --START--
INFO: Run Behavior\ContentReplaceBehavior [ RunTime:0.001000s ]
INFO: [ template_filter ] --END-- [ RunTime:0.001000s ]
INFO: Run Behavior\ParseTemplateBehavior [ RunTime:0.141008s ]
INFO: [ view_parse ] --END-- [ RunTime:0.141008s ]
INFO: [ view_filter ] --START--
INFO: Run Behavior\WriteHtmlCacheBehavior [ RunTime:0.001000s ]
INFO: [ view_filter ] --END-- [ RunTime:0.001000s ]
INFO: [ app_end ] --START--
INFO: Run Behavior\ShowPageTraceBehavior [ RunTime:0.002000s ]
INFO: [ app_end ] --END-- [ RunTime:0.004001s ]

[ 2018-03-26T09:42:16+08:00 ] ::1 /web/Hw3ms/index.php/Home/index/index?lang=en
INFO: [ app_init ] --START--
INFO: Run Behavior\BuildLiteBehavior [ RunTime:0.000000s ]
INFO: [ app_init ] --END-- [ RunTime:0.004000s ]
INFO: [ app_begin ] --START--
INFO: Run Behavior\ReadHtmlCacheBehavior [ RunTime:0.002001s ]
INFO: [ app_begin ] --END-- [ RunTime:0.002001s ]
SQL: SHOW COLUMNS FROM `hw3ms_admin_nav` [ RunTime:0.0020s ]
SQL: SELECT * FROM `hw3ms_admin_nav` ORDER BY `order_number`,id is null,`order_number`,`id`  [ RunTime:0.0020s ]
SQL: SHOW COLUMNS FROM `hw3ms_video` [ RunTime:0.0030s ]
SQL: SELECT * FROM `hw3ms_video` WHERE ( status=1 ) ORDER BY `order_number`  [ RunTime:0.0020s ]
SQL: SHOW COLUMNS FROM `hw3ms_category` [ RunTime:0.0020s ]
SQL: SELECT * FROM `hw3ms_category` WHERE ( navid=42 ) ORDER BY `order_number`  [ RunTime:0.0020s ]
SQL: SHOW COLUMNS FROM `hw3ms_ziliao` [ RunTime:0.0020s ]
SQL: SELECT * FROM `hw3ms_ziliao` WHERE `cateid` IN ('355') AND `status` = 1 ORDER BY `order_number`  [ RunTime:0.0020s ]
SQL: SELECT * FROM `hw3ms_category` WHERE ( navid=43 ) ORDER BY `order_number`  [ RunTime:0.0010s ]
SQL: SELECT * FROM `hw3ms_ziliao` WHERE `cateid` IN ('356') AND `status` = 1 ORDER BY `order_number`  [ RunTime:0.0020s ]
SQL: SELECT * FROM `hw3ms_category` WHERE ( navid=47 ) ORDER BY `order_number`  [ RunTime:0.0010s ]
SQL: SELECT * FROM `hw3ms_ziliao` WHERE `cateid` IN ('343','344') AND `status` = 1 ORDER BY `order_number`  [ RunTime:0.0020s ]
SQL: SELECT * FROM `hw3ms_category` WHERE ( navid=48 ) ORDER BY `order_number`  [ RunTime:0.0020s ]
SQL: SELECT * FROM `hw3ms_ziliao` WHERE `cateid` IN ('345','346','347') AND `status` = 1 ORDER BY `order_number`  [ RunTime:0.0020s ]
INFO: [ view_parse ] --START--
INFO: [ template_filter ] --START--
INFO: Run Behavior\ContentReplaceBehavior [ RunTime:0.001000s ]
INFO: [ template_filter ] --END-- [ RunTime:0.002000s ]
INFO: Run Behavior\ParseTemplateBehavior [ RunTime:0.172010s ]
INFO: [ view_parse ] --END-- [ RunTime:0.172010s ]
INFO: [ view_filter ] --START--
INFO: Run Behavior\WriteHtmlCacheBehavior [ RunTime:0.002000s ]
INFO: [ view_filter ] --END-- [ RunTime:0.002000s ]
INFO: [ app_end ] --START--
INFO: Run Behavior\ShowPageTraceBehavior [ RunTime:0.003000s ]
INFO: [ app_end ] --END-- [ RunTime:0.006001s ]

[ 2018-03-26T09:42:32+08:00 ] ::1 /web/Hw3ms/index.php/Home/index/index?lang=cn
INFO: [ app_init ] --START--
INFO: Run Behavior\BuildLiteBehavior [ RunTime:0.001001s ]
INFO: [ app_init ] --END-- [ RunTime:0.002001s ]
INFO: [ app_begin ] --START--
INFO: Run Behavior\ReadHtmlCacheBehavior [ RunTime:0.003000s ]
INFO: [ app_begin ] --END-- [ RunTime:0.003000s ]
SQL: SHOW COLUMNS FROM `hw3ms_admin_nav` [ RunTime:0.0030s ]
SQL: SELECT * FROM `hw3ms_admin_nav` ORDER BY `order_number`,id is null,`order_number`,`id`  [ RunTime:0.0030s ]
SQL: SHOW COLUMNS FROM `hw3ms_video` [ RunTime:0.0020s ]
SQL: SELECT * FROM `hw3ms_video` WHERE ( status=1 ) ORDER BY `order_number`  [ RunTime:0.0010s ]
SQL: SHOW COLUMNS FROM `hw3ms_category` [ RunTime:0.0020s ]
SQL: SELECT * FROM `hw3ms_category` WHERE ( navid=42 ) ORDER BY `order_number`  [ RunTime:0.0020s ]
SQL: SHOW COLUMNS FROM `hw3ms_ziliao` [ RunTime:0.0030s ]
SQL: SELECT * FROM `hw3ms_ziliao` WHERE `cateid` IN ('355') AND `status` = 1 ORDER BY `order_number`  [ RunTime:0.0020s ]
SQL: SELECT * FROM `hw3ms_category` WHERE ( navid=43 ) ORDER BY `order_number`  [ RunTime:0.0010s ]
SQL: SELECT * FROM `hw3ms_ziliao` WHERE `cateid` IN ('356') AND `status` = 1 ORDER BY `order_number`  [ RunTime:0.0020s ]
SQL: SELECT * FROM `hw3ms_category` WHERE ( navid=47 ) ORDER BY `order_number`  [ RunTime:0.0010s ]
SQL: SELECT * FROM `hw3ms_ziliao` WHERE `cateid` IN ('343','344') AND `status` = 1 ORDER BY `order_number`  [ RunTime:0.0010s ]
SQL: SELECT * FROM `hw3ms_category` WHERE ( navid=48 ) ORDER BY `order_number`  [ RunTime:0.0010s ]
SQL: SELECT * FROM `hw3ms_ziliao` WHERE `cateid` IN ('345','346','347') AND `status` = 1 ORDER BY `order_number`  [ RunTime:0.0010s ]
INFO: [ view_parse ] --START--
INFO: [ template_filter ] --START--
INFO: Run Behavior\ContentReplaceBehavior [ RunTime:0.001000s ]
INFO: [ template_filter ] --END-- [ RunTime:0.003001s ]
INFO: Run Behavior\ParseTemplateBehavior [ RunTime:0.152009s ]
INFO: [ view_parse ] --END-- [ RunTime:0.152009s ]
INFO: [ view_filter ] --START--
INFO: Run Behavior\WriteHtmlCacheBehavior [ RunTime:0.001000s ]
INFO: [ view_filter ] --END-- [ RunTime:0.001000s ]
INFO: [ app_end ] --START--
INFO: Run Behavior\ShowPageTraceBehavior [ RunTime:0.004000s ]
INFO: [ app_end ] --END-- [ RunTime:0.004000s ]

[ 2018-03-26T09:42:35+08:00 ] ::1 /web/Hw3ms/index.php/Home/index/index?lang=en
INFO: [ app_init ] --START--
INFO: Run Behavior\BuildLiteBehavior [ RunTime:0.001000s ]
INFO: [ app_init ] --END-- [ RunTime:0.002000s ]
INFO: [ app_begin ] --START--
INFO: Run Behavior\ReadHtmlCacheBehavior [ RunTime:0.002000s ]
INFO: [ app_begin ] --END-- [ RunTime:0.003000s ]
SQL: SHOW COLUMNS FROM `hw3ms_admin_nav` [ RunTime:0.0040s ]
SQL: SELECT * FROM `hw3ms_admin_nav` ORDER BY `order_number`,id is null,`order_number`,`id`  [ RunTime:0.0030s ]
SQL: SHOW COLUMNS FROM `hw3ms_video` [ RunTime:0.0040s ]
SQL: SELECT * FROM `hw3ms_video` WHERE ( status=1 ) ORDER BY `order_number`  [ RunTime:0.0020s ]
SQL: SHOW COLUMNS FROM `hw3ms_category` [ RunTime:0.0040s ]
SQL: SELECT * FROM `hw3ms_category` WHERE ( navid=42 ) ORDER BY `order_number`  [ RunTime:0.0030s ]
SQL: SHOW COLUMNS FROM `hw3ms_ziliao` [ RunTime:0.0040s ]
SQL: SELECT * FROM `hw3ms_ziliao` WHERE `cateid` IN ('355') AND `status` = 1 ORDER BY `order_number`  [ RunTime:0.0030s ]
SQL: SELECT * FROM `hw3ms_category` WHERE ( navid=43 ) ORDER BY `order_number`  [ RunTime:0.0010s ]
SQL: SELECT * FROM `hw3ms_ziliao` WHERE `cateid` IN ('356') AND `status` = 1 ORDER BY `order_number`  [ RunTime:0.0020s ]
SQL: SELECT * FROM `hw3ms_category` WHERE ( navid=47 ) ORDER BY `order_number`  [ RunTime:0.0010s ]
SQL: SELECT * FROM `hw3ms_ziliao` WHERE `cateid` IN ('343','344') AND `status` = 1 ORDER BY `order_number`  [ RunTime:0.0010s ]
SQL: SELECT * FROM `hw3ms_category` WHERE ( navid=48 ) ORDER BY `order_number`  [ RunTime:0.0020s ]
SQL: SELECT * FROM `hw3ms_ziliao` WHERE `cateid` IN ('345','346','347') AND `status` = 1 ORDER BY `order_number`  [ RunTime:0.0020s ]
INFO: [ view_parse ] --START--
INFO: [ template_filter ] --START--
INFO: Run Behavior\ContentReplaceBehavior [ RunTime:0.001000s ]
INFO: [ template_filter ] --END-- [ RunTime:0.001000s ]
INFO: Run Behavior\ParseTemplateBehavior [ RunTime:0.158009s ]
INFO: [ view_parse ] --END-- [ RunTime:0.160009s ]
INFO: [ view_filter ] --START--
INFO: Run Behavior\WriteHtmlCacheBehavior [ RunTime:0.001000s ]
INFO: [ view_filter ] --END-- [ RunTime:0.002000s ]
INFO: [ app_end ] --START--
INFO: Run Behavior\ShowPageTraceBehavior [ RunTime:0.002000s ]
INFO: [ app_end ] --END-- [ RunTime:0.003000s ]

[ 2018-03-26T09:42:37+08:00 ] ::1 /web/Hw3ms/index.php/Home/index/index?lang=cn
INFO: [ app_init ] --START--
INFO: Run Behavior\BuildLiteBehavior [ RunTime:0.000000s ]
INFO: [ app_init ] --END-- [ RunTime:0.001000s ]
INFO: [ app_begin ] --START--
INFO: Run Behavior\ReadHtmlCacheBehavior [ RunTime:0.004000s ]
INFO: [ app_begin ] --END-- [ RunTime:0.005000s ]
SQL: SHOW COLUMNS FROM `hw3ms_admin_nav` [ RunTime:0.0030s ]
SQL: SELECT * FROM `hw3ms_admin_nav` ORDER BY `order_number`,id is null,`order_number`,`id`  [ RunTime:0.0020s ]
SQL: SHOW COLUMNS FROM `hw3ms_video` [ RunTime:0.0030s ]
SQL: SELECT * FROM `hw3ms_video` WHERE ( status=1 ) ORDER BY `order_number`  [ RunTime:0.0040s ]
SQL: SHOW COLUMNS FROM `hw3ms_category` [ RunTime:0.0030s ]
SQL: SELECT * FROM `hw3ms_category` WHERE ( navid=42 ) ORDER BY `order_number`  [ RunTime:0.0020s ]
SQL: SHOW COLUMNS FROM `hw3ms_ziliao` [ RunTime:0.0030s ]
SQL: SELECT * FROM `hw3ms_ziliao` WHERE `cateid` IN ('355') AND `status` = 1 ORDER BY `order_number`  [ RunTime:0.0020s ]
SQL: SELECT * FROM `hw3ms_category` WHERE ( navid=43 ) ORDER BY `order_number`  [ RunTime:0.0020s ]
SQL: SELECT * FROM `hw3ms_ziliao` WHERE `cateid` IN ('356') AND `status` = 1 ORDER BY `order_number`  [ RunTime:0.0020s ]
SQL: SELECT * FROM `hw3ms_category` WHERE ( navid=47 ) ORDER BY `order_number`  [ RunTime:0.0020s ]
SQL: SELECT * FROM `hw3ms_ziliao` WHERE `cateid` IN ('343','344') AND `status` = 1 ORDER BY `order_number`  [ RunTime:0.0010s ]
SQL: SELECT * FROM `hw3ms_category` WHERE ( navid=48 ) ORDER BY `order_number`  [ RunTime:0.0020s ]
SQL: SELECT * FROM `hw3ms_ziliao` WHERE `cateid` IN ('345','346','347') AND `status` = 1 ORDER BY `order_number`  [ RunTime:0.0030s ]
INFO: [ view_parse ] --START--
INFO: [ template_filter ] --START--
INFO: Run Behavior\ContentReplaceBehavior [ RunTime:0.003000s ]
INFO: [ template_filter ] --END-- [ RunTime:0.004000s ]
INFO: Run Behavior\ParseTemplateBehavior [ RunTime:0.236014s ]
INFO: [ view_parse ] --END-- [ RunTime:0.237014s ]
INFO: [ view_filter ] --START--
INFO: Run Behavior\WriteHtmlCacheBehavior [ RunTime:0.003000s ]
INFO: [ view_filter ] --END-- [ RunTime:0.004000s ]
INFO: [ app_end ] --START--
INFO: Run Behavior\ShowPageTraceBehavior [ RunTime:0.008001s ]
INFO: [ app_end ] --END-- [ RunTime:0.009001s ]

