[ 2018-04-03T10:49:25+08:00 ] ::1 /web/Hw3ms/
INFO: [ app_init ] --START--
INFO: Run Behavior\BuildLiteBehavior [ RunTime:0.000000s ]
INFO: [ app_init ] --END-- [ RunTime:0.004000s ]
INFO: [ app_begin ] --START--
INFO: Run Behavior\ReadHtmlCacheBehavior [ RunTime:0.003000s ]
INFO: [ app_begin ] --END-- [ RunTime:0.003000s ]
SQL: SHOW COLUMNS FROM `hw3ms_admin_nav` [ RunTime:0.0400s ]
SQL: SELECT * FROM `hw3ms_admin_nav` ORDER BY `order_number`,id is null,`order_number`,`id`  [ RunTime:0.0070s ]
SQL: SHOW COLUMNS FROM `hw3ms_video` [ RunTime:0.0070s ]
SQL: SELECT * FROM `hw3ms_video` WHERE ( status=1 ) ORDER BY `order_number`  [ RunTime:0.0040s ]
SQL: SHOW COLUMNS FROM `hw3ms_category` [ RunTime:0.0060s ]
SQL: SELECT * FROM `hw3ms_category` WHERE ( navid=42 ) ORDER BY `order_number`  [ RunTime:0.0030s ]
SQL: SHOW COLUMNS FROM `hw3ms_ziliao` [ RunTime:0.0060s ]
SQL: SELECT * FROM `hw3ms_ziliao` WHERE `cateid` IN ('355') AND `status` = 1 ORDER BY `order_number`  [ RunTime:0.0060s ]
SQL: SELECT * FROM `hw3ms_category` WHERE ( navid=43 ) ORDER BY `order_number`  [ RunTime:0.0010s ]
SQL: SELECT * FROM `hw3ms_ziliao` WHERE `cateid` IN ('356') AND `status` = 1 ORDER BY `order_number`  [ RunTime:0.0010s ]
SQL: SELECT * FROM `hw3ms_category` WHERE ( navid=47 ) ORDER BY `order_number`  [ RunTime:0.0010s ]
SQL: SELECT * FROM `hw3ms_ziliao` WHERE `cateid` IN ('343','344') AND `status` = 1 ORDER BY `order_number`  [ RunTime:0.0010s ]
SQL: SELECT * FROM `hw3ms_category` WHERE ( navid=48 ) ORDER BY `order_number`  [ RunTime:0.0010s ]
SQL: SELECT * FROM `hw3ms_ziliao` WHERE `cateid` IN ('345','346','347') AND `status` = 1 ORDER BY `order_number`  [ RunTime:0.0020s ]
INFO: [ view_parse ] --START--
INFO: [ template_filter ] --START--
INFO: Run Behavior\ContentReplaceBehavior [ RunTime:0.003000s ]
INFO: [ template_filter ] --END-- [ RunTime:0.005000s ]
INFO: Run Behavior\ParseTemplateBehavior [ RunTime:0.238013s ]
INFO: [ view_parse ] --END-- [ RunTime:0.239013s ]
INFO: [ view_filter ] --START--
INFO: Run Behavior\WriteHtmlCacheBehavior [ RunTime:0.003000s ]
INFO: [ view_filter ] --END-- [ RunTime:0.004001s ]
INFO: [ app_end ] --START--
INFO: Run Behavior\ShowPageTraceBehavior [ RunTime:0.016001s ]
INFO: [ app_end ] --END-- [ RunTime:0.016001s ]

[ 2018-04-03T10:49:28+08:00 ] ::1 /web/Hw3ms/
INFO: [ app_init ] --START--
INFO: Run Behavior\BuildLiteBehavior [ RunTime:0.000000s ]
INFO: [ app_init ] --END-- [ RunTime:0.002001s ]
INFO: [ app_begin ] --START--
INFO: Run Behavior\ReadHtmlCacheBehavior [ RunTime:0.002000s ]
INFO: [ app_begin ] --END-- [ RunTime:0.003000s ]
SQL: SHOW COLUMNS FROM `hw3ms_admin_nav` [ RunTime:0.0030s ]
SQL: SELECT * FROM `hw3ms_admin_nav` ORDER BY `order_number`,id is null,`order_number`,`id`  [ RunTime:0.0030s ]
SQL: SHOW COLUMNS FROM `hw3ms_video` [ RunTime:0.0070s ]
SQL: SELECT * FROM `hw3ms_video` WHERE ( status=1 ) ORDER BY `order_number`  [ RunTime:0.0010s ]
SQL: SHOW COLUMNS FROM `hw3ms_category` [ RunTime:0.0030s ]
SQL: SELECT * FROM `hw3ms_category` WHERE ( navid=42 ) ORDER BY `order_number`  [ RunTime:0.0010s ]
SQL: SHOW COLUMNS FROM `hw3ms_ziliao` [ RunTime:0.0030s ]
SQL: SELECT * FROM `hw3ms_ziliao` WHERE `cateid` IN ('355') AND `status` = 1 ORDER BY `order_number`  [ RunTime:0.0030s ]
SQL: SELECT * FROM `hw3ms_category` WHERE ( navid=43 ) ORDER BY `order_number`  [ RunTime:0.0020s ]
SQL: SELECT * FROM `hw3ms_ziliao` WHERE `cateid` IN ('356') AND `status` = 1 ORDER BY `order_number`  [ RunTime:0.0030s ]
SQL: SELECT * FROM `hw3ms_category` WHERE ( navid=47 ) ORDER BY `order_number`  [ RunTime:0.0020s ]
SQL: SELECT * FROM `hw3ms_ziliao` WHERE `cateid` IN ('343','344') AND `status` = 1 ORDER BY `order_number`  [ RunTime:0.0020s ]
SQL: SELECT * FROM `hw3ms_category` WHERE ( navid=48 ) ORDER BY `order_number`  [ RunTime:0.0020s ]
SQL: SELECT * FROM `hw3ms_ziliao` WHERE `cateid` IN ('345','346','347') AND `status` = 1 ORDER BY `order_number`  [ RunTime:0.0030s ]
INFO: [ view_parse ] --START--
INFO: [ template_filter ] --START--
INFO: Run Behavior\ContentReplaceBehavior [ RunTime:0.001000s ]
INFO: [ template_filter ] --END-- [ RunTime:0.001000s ]
INFO: Run Behavior\ParseTemplateBehavior [ RunTime:0.181010s ]
INFO: [ view_parse ] --END-- [ RunTime:0.182010s ]
INFO: [ view_filter ] --START--
INFO: Run Behavior\WriteHtmlCacheBehavior [ RunTime:0.002000s ]
INFO: [ view_filter ] --END-- [ RunTime:0.002000s ]
INFO: [ app_end ] --START--
INFO: Run Behavior\ShowPageTraceBehavior [ RunTime:0.002000s ]
INFO: [ app_end ] --END-- [ RunTime:0.003000s ]

[ 2018-04-03T10:49:39+08:00 ] ::1 /web/Hw3ms/?lang=en
INFO: [ app_init ] --START--
INFO: Run Behavior\BuildLiteBehavior [ RunTime:0.000000s ]
INFO: [ app_init ] --END-- [ RunTime:0.001000s ]
INFO: [ app_begin ] --START--
INFO: Run Behavior\ReadHtmlCacheBehavior [ RunTime:0.002000s ]
INFO: [ app_begin ] --END-- [ RunTime:0.002000s ]
SQL: SHOW COLUMNS FROM `hw3ms_admin_nav` [ RunTime:0.0030s ]
SQL: SELECT * FROM `hw3ms_admin_nav` ORDER BY `order_number`,id is null,`order_number`,`id`  [ RunTime:0.0020s ]
SQL: SHOW COLUMNS FROM `hw3ms_video` [ RunTime:0.0020s ]
SQL: SELECT * FROM `hw3ms_video` WHERE ( status=1 ) ORDER BY `order_number`  [ RunTime:0.0010s ]
SQL: SHOW COLUMNS FROM `hw3ms_category` [ RunTime:0.0030s ]
SQL: SELECT * FROM `hw3ms_category` WHERE ( navid=42 ) ORDER BY `order_number`  [ RunTime:0.0020s ]
SQL: SHOW COLUMNS FROM `hw3ms_ziliao` [ RunTime:0.0030s ]
SQL: SELECT * FROM `hw3ms_ziliao` WHERE `cateid` IN ('355') AND `status` = 1 ORDER BY `order_number`  [ RunTime:0.0020s ]
SQL: SELECT * FROM `hw3ms_category` WHERE ( navid=43 ) ORDER BY `order_number`  [ RunTime:0.0020s ]
SQL: SELECT * FROM `hw3ms_ziliao` WHERE `cateid` IN ('356') AND `status` = 1 ORDER BY `order_number`  [ RunTime:0.0010s ]
SQL: SELECT * FROM `hw3ms_category` WHERE ( navid=47 ) ORDER BY `order_number`  [ RunTime:0.0030s ]
SQL: SELECT * FROM `hw3ms_ziliao` WHERE `cateid` IN ('343','344') AND `status` = 1 ORDER BY `order_number`  [ RunTime:0.0020s ]
SQL: SELECT * FROM `hw3ms_category` WHERE ( navid=48 ) ORDER BY `order_number`  [ RunTime:0.0070s ]
SQL: SELECT * FROM `hw3ms_ziliao` WHERE `cateid` IN ('345','346','347') AND `status` = 1 ORDER BY `order_number`  [ RunTime:0.0020s ]
INFO: [ view_parse ] --START--
INFO: [ template_filter ] --START--
INFO: Run Behavior\ContentReplaceBehavior [ RunTime:0.002000s ]
INFO: [ template_filter ] --END-- [ RunTime:0.002000s ]
INFO: Run Behavior\ParseTemplateBehavior [ RunTime:0.203012s ]
INFO: [ view_parse ] --END-- [ RunTime:0.204012s ]
INFO: [ view_filter ] --START--
INFO: Run Behavior\WriteHtmlCacheBehavior [ RunTime:0.002000s ]
INFO: [ view_filter ] --END-- [ RunTime:0.002000s ]
INFO: [ app_end ] --START--
INFO: Run Behavior\ShowPageTraceBehavior [ RunTime:0.003000s ]
INFO: [ app_end ] --END-- [ RunTime:0.003000s ]

[ 2018-04-03T10:49:44+08:00 ] ::1 /web/Hw3ms/?lang=cn
INFO: [ app_init ] --START--
INFO: Run Behavior\BuildLiteBehavior [ RunTime:0.000000s ]
INFO: [ app_init ] --END-- [ RunTime:0.003000s ]
INFO: [ app_begin ] --START--
INFO: Run Behavior\ReadHtmlCacheBehavior [ RunTime:0.003000s ]
INFO: [ app_begin ] --END-- [ RunTime:0.005000s ]
SQL: SHOW COLUMNS FROM `hw3ms_admin_nav` [ RunTime:0.0050s ]
SQL: SELECT * FROM `hw3ms_admin_nav` ORDER BY `order_number`,id is null,`order_number`,`id`  [ RunTime:0.0020s ]
SQL: SHOW COLUMNS FROM `hw3ms_video` [ RunTime:0.0040s ]
SQL: SELECT * FROM `hw3ms_video` WHERE ( status=1 ) ORDER BY `order_number`  [ RunTime:0.0020s ]
SQL: SHOW COLUMNS FROM `hw3ms_category` [ RunTime:0.0040s ]
SQL: SELECT * FROM `hw3ms_category` WHERE ( navid=42 ) ORDER BY `order_number`  [ RunTime:0.0020s ]
SQL: SHOW COLUMNS FROM `hw3ms_ziliao` [ RunTime:0.0050s ]
SQL: SELECT * FROM `hw3ms_ziliao` WHERE `cateid` IN ('355') AND `status` = 1 ORDER BY `order_number`  [ RunTime:0.0010s ]
SQL: SELECT * FROM `hw3ms_category` WHERE ( navid=43 ) ORDER BY `order_number`  [ RunTime:0.0020s ]
SQL: SELECT * FROM `hw3ms_ziliao` WHERE `cateid` IN ('356') AND `status` = 1 ORDER BY `order_number`  [ RunTime:0.0020s ]
SQL: SELECT * FROM `hw3ms_category` WHERE ( navid=47 ) ORDER BY `order_number`  [ RunTime:0.0010s ]
SQL: SELECT * FROM `hw3ms_ziliao` WHERE `cateid` IN ('343','344') AND `status` = 1 ORDER BY `order_number`  [ RunTime:0.0020s ]
SQL: SELECT * FROM `hw3ms_category` WHERE ( navid=48 ) ORDER BY `order_number`  [ RunTime:0.0010s ]
SQL: SELECT * FROM `hw3ms_ziliao` WHERE `cateid` IN ('345','346','347') AND `status` = 1 ORDER BY `order_number`  [ RunTime:0.0020s ]
INFO: [ view_parse ] --START--
INFO: [ template_filter ] --START--
INFO: Run Behavior\ContentReplaceBehavior [ RunTime:0.001000s ]
INFO: [ template_filter ] --END-- [ RunTime:0.001000s ]
INFO: Run Behavior\ParseTemplateBehavior [ RunTime:0.142008s ]
INFO: [ view_parse ] --END-- [ RunTime:0.143008s ]
INFO: [ view_filter ] --START--
INFO: Run Behavior\WriteHtmlCacheBehavior [ RunTime:0.001000s ]
INFO: [ view_filter ] --END-- [ RunTime:0.002000s ]
INFO: [ app_end ] --START--
INFO: Run Behavior\ShowPageTraceBehavior [ RunTime:0.002000s ]
INFO: [ app_end ] --END-- [ RunTime:0.004000s ]

[ 2018-04-03T10:49:50+08:00 ] ::1 /web/Hw3ms/?lang=en
INFO: [ app_init ] --START--
INFO: Run Behavior\BuildLiteBehavior [ RunTime:0.000000s ]
INFO: [ app_init ] --END-- [ RunTime:0.001000s ]
INFO: [ app_begin ] --START--
INFO: Run Behavior\ReadHtmlCacheBehavior [ RunTime:0.001000s ]
INFO: [ app_begin ] --END-- [ RunTime:0.001000s ]
SQL: SHOW COLUMNS FROM `hw3ms_admin_nav` [ RunTime:0.0020s ]
SQL: SELECT * FROM `hw3ms_admin_nav` ORDER BY `order_number`,id is null,`order_number`,`id`  [ RunTime:0.0020s ]
SQL: SHOW COLUMNS FROM `hw3ms_video` [ RunTime:0.0020s ]
SQL: SELECT * FROM `hw3ms_video` WHERE ( status=1 ) ORDER BY `order_number`  [ RunTime:0.0010s ]
SQL: SHOW COLUMNS FROM `hw3ms_category` [ RunTime:0.0030s ]
SQL: SELECT * FROM `hw3ms_category` WHERE ( navid=42 ) ORDER BY `order_number`  [ RunTime:0.0020s ]
SQL: SHOW COLUMNS FROM `hw3ms_ziliao` [ RunTime:0.0020s ]
SQL: SELECT * FROM `hw3ms_ziliao` WHERE `cateid` IN ('355') AND `status` = 1 ORDER BY `order_number`  [ RunTime:0.0010s ]
SQL: SELECT * FROM `hw3ms_category` WHERE ( navid=43 ) ORDER BY `order_number`  [ RunTime:0.0010s ]
SQL: SELECT * FROM `hw3ms_ziliao` WHERE `cateid` IN ('356') AND `status` = 1 ORDER BY `order_number`  [ RunTime:0.0020s ]
SQL: SELECT * FROM `hw3ms_category` WHERE ( navid=47 ) ORDER BY `order_number`  [ RunTime:0.0010s ]
SQL: SELECT * FROM `hw3ms_ziliao` WHERE `cateid` IN ('343','344') AND `status` = 1 ORDER BY `order_number`  [ RunTime:0.0010s ]
SQL: SELECT * FROM `hw3ms_category` WHERE ( navid=48 ) ORDER BY `order_number`  [ RunTime:0.0010s ]
SQL: SELECT * FROM `hw3ms_ziliao` WHERE `cateid` IN ('345','346','347') AND `status` = 1 ORDER BY `order_number`  [ RunTime:0.0020s ]
INFO: [ view_parse ] --START--
INFO: [ template_filter ] --START--
INFO: Run Behavior\ContentReplaceBehavior [ RunTime:0.001000s ]
INFO: [ template_filter ] --END-- [ RunTime:0.002000s ]
INFO: Run Behavior\ParseTemplateBehavior [ RunTime:0.141008s ]
INFO: [ view_parse ] --END-- [ RunTime:0.141008s ]
INFO: [ view_filter ] --START--
INFO: Run Behavior\WriteHtmlCacheBehavior [ RunTime:0.002000s ]
INFO: [ view_filter ] --END-- [ RunTime:0.002000s ]
INFO: [ app_end ] --START--
INFO: Run Behavior\ShowPageTraceBehavior [ RunTime:0.003000s ]
INFO: [ app_end ] --END-- [ RunTime:0.003000s ]

[ 2018-04-03T10:49:53+08:00 ] ::1 /web/Hw3ms/?lang=cn
INFO: [ app_init ] --START--
INFO: Run Behavior\BuildLiteBehavior [ RunTime:0.000000s ]
INFO: [ app_init ] --END-- [ RunTime:0.001000s ]
INFO: [ app_begin ] --START--
INFO: Run Behavior\ReadHtmlCacheBehavior [ RunTime:0.001000s ]
INFO: [ app_begin ] --END-- [ RunTime:0.001000s ]
SQL: SHOW COLUMNS FROM `hw3ms_admin_nav` [ RunTime:0.0010s ]
SQL: SELECT * FROM `hw3ms_admin_nav` ORDER BY `order_number`,id is null,`order_number`,`id`  [ RunTime:0.0000s ]
SQL: SHOW COLUMNS FROM `hw3ms_video` [ RunTime:0.0040s ]
SQL: SELECT * FROM `hw3ms_video` WHERE ( status=1 ) ORDER BY `order_number`  [ RunTime:0.0010s ]
SQL: SHOW COLUMNS FROM `hw3ms_category` [ RunTime:0.0010s ]
SQL: SELECT * FROM `hw3ms_category` WHERE ( navid=42 ) ORDER BY `order_number`  [ RunTime:0.0000s ]
SQL: SHOW COLUMNS FROM `hw3ms_ziliao` [ RunTime:0.0010s ]
SQL: SELECT * FROM `hw3ms_ziliao` WHERE `cateid` IN ('355') AND `status` = 1 ORDER BY `order_number`  [ RunTime:0.0010s ]
SQL: SELECT * FROM `hw3ms_category` WHERE ( navid=43 ) ORDER BY `order_number`  [ RunTime:0.0000s ]
SQL: SELECT * FROM `hw3ms_ziliao` WHERE `cateid` IN ('356') AND `status` = 1 ORDER BY `order_number`  [ RunTime:0.0010s ]
SQL: SELECT * FROM `hw3ms_category` WHERE ( navid=47 ) ORDER BY `order_number`  [ RunTime:0.0010s ]
SQL: SELECT * FROM `hw3ms_ziliao` WHERE `cateid` IN ('343','344') AND `status` = 1 ORDER BY `order_number`  [ RunTime:0.0010s ]
SQL: SELECT * FROM `hw3ms_category` WHERE ( navid=48 ) ORDER BY `order_number`  [ RunTime:0.0010s ]
SQL: SELECT * FROM `hw3ms_ziliao` WHERE `cateid` IN ('345','346','347') AND `status` = 1 ORDER BY `order_number`  [ RunTime:0.0010s ]
INFO: [ view_parse ] --START--
INFO: [ template_filter ] --START--
INFO: Run Behavior\ContentReplaceBehavior [ RunTime:0.001000s ]
INFO: [ template_filter ] --END-- [ RunTime:0.001000s ]
INFO: Run Behavior\ParseTemplateBehavior [ RunTime:0.095005s ]
INFO: [ view_parse ] --END-- [ RunTime:0.096006s ]
INFO: [ view_filter ] --START--
INFO: Run Behavior\WriteHtmlCacheBehavior [ RunTime:0.001000s ]
INFO: [ view_filter ] --END-- [ RunTime:0.001000s ]
INFO: [ app_end ] --START--
INFO: Run Behavior\ShowPageTraceBehavior [ RunTime:0.003001s ]
INFO: [ app_end ] --END-- [ RunTime:0.004001s ]

[ 2018-04-03T10:50:02+08:00 ] ::1 /web/Hw3ms/?lang=en
INFO: [ app_init ] --START--
INFO: Run Behavior\BuildLiteBehavior [ RunTime:0.000000s ]
INFO: [ app_init ] --END-- [ RunTime:0.002000s ]
INFO: [ app_begin ] --START--
INFO: Run Behavior\ReadHtmlCacheBehavior [ RunTime:0.002001s ]
INFO: [ app_begin ] --END-- [ RunTime:0.003001s ]
SQL: SHOW COLUMNS FROM `hw3ms_admin_nav` [ RunTime:0.0030s ]
SQL: SELECT * FROM `hw3ms_admin_nav` ORDER BY `order_number`,id is null,`order_number`,`id`  [ RunTime:0.0020s ]
SQL: SHOW COLUMNS FROM `hw3ms_video` [ RunTime:0.0030s ]
SQL: SELECT * FROM `hw3ms_video` WHERE ( status=1 ) ORDER BY `order_number`  [ RunTime:0.0010s ]
SQL: SHOW COLUMNS FROM `hw3ms_category` [ RunTime:0.0050s ]
SQL: SELECT * FROM `hw3ms_category` WHERE ( navid=42 ) ORDER BY `order_number`  [ RunTime:0.0010s ]
SQL: SHOW COLUMNS FROM `hw3ms_ziliao` [ RunTime:0.0020s ]
SQL: SELECT * FROM `hw3ms_ziliao` WHERE `cateid` IN ('355') AND `status` = 1 ORDER BY `order_number`  [ RunTime:0.0020s ]
SQL: SELECT * FROM `hw3ms_category` WHERE ( navid=43 ) ORDER BY `order_number`  [ RunTime:0.0020s ]
SQL: SELECT * FROM `hw3ms_ziliao` WHERE `cateid` IN ('356') AND `status` = 1 ORDER BY `order_number`  [ RunTime:0.0020s ]
SQL: SELECT * FROM `hw3ms_category` WHERE ( navid=47 ) ORDER BY `order_number`  [ RunTime:0.0050s ]
SQL: SELECT * FROM `hw3ms_ziliao` WHERE `cateid` IN ('343','344') AND `status` = 1 ORDER BY `order_number`  [ RunTime:0.0020s ]
SQL: SELECT * FROM `hw3ms_category` WHERE ( navid=48 ) ORDER BY `order_number`  [ RunTime:0.0020s ]
SQL: SELECT * FROM `hw3ms_ziliao` WHERE `cateid` IN ('345','346','347') AND `status` = 1 ORDER BY `order_number`  [ RunTime:0.0020s ]
INFO: [ view_parse ] --START--
INFO: [ template_filter ] --START--
INFO: Run Behavior\ContentReplaceBehavior [ RunTime:0.001000s ]
INFO: [ template_filter ] --END-- [ RunTime:0.001000s ]
INFO: Run Behavior\ParseTemplateBehavior [ RunTime:0.157009s ]
INFO: [ view_parse ] --END-- [ RunTime:0.158009s ]
INFO: [ view_filter ] --START--
INFO: Run Behavior\WriteHtmlCacheBehavior [ RunTime:0.002000s ]
INFO: [ view_filter ] --END-- [ RunTime:0.003000s ]
INFO: [ app_end ] --START--
INFO: Run Behavior\ShowPageTraceBehavior [ RunTime:0.003000s ]
INFO: [ app_end ] --END-- [ RunTime:0.004000s ]

