[ 2018-06-05T10:47:31+08:00 ] ::1 /web/Hw3ms/admin
INFO: [ app_init ] --START--
INFO: Run Behavior\BuildLiteBehavior [ RunTime:0.000016s ]
INFO: [ app_init ] --END-- [ RunTime:0.000362s ]
INFO: [ app_begin ] --START--
INFO: Run Behavior\ReadHtmlCacheBehavior [ RunTime:0.000437s ]
INFO: [ app_begin ] --END-- [ RunTime:0.000508s ]
NOTIC: [8] Undefined index: user E:\www\web\Hw3ms\Application\Common\Controller\AdminBaseController.class.php 第 19 行.
NOTIC: [8] Undefined index: debug E:\www\web\Hw3ms\ThinkPHP\Library\Think\Db\Driver.class.php 第 114 行.
NOTIC: [8] Undefined offset: 0 E:\www\web\Hw3ms\ThinkPHP\Library\Think\Db\Driver.class.php 第 119 行.
NOTIC: [8] Undefined index: debug E:\www\web\Hw3ms\ThinkPHP\Library\Think\Db\Driver.class.php 第 114 行.
NOTIC: [8] Undefined offset: 0 E:\www\web\Hw3ms\ThinkPHP\Library\Think\Db\Driver.class.php 第 119 行.
NOTIC: [8] Undefined index: debug E:\www\web\Hw3ms\ThinkPHP\Library\Think\Db\Driver.class.php 第 114 行.
NOTIC: [8] Undefined offset: 0 E:\www\web\Hw3ms\ThinkPHP\Library\Think\Db\Driver.class.php 第 119 行.
INFO: [ view_parse ] --START--
INFO: [ template_filter ] --START--
INFO: Run Behavior\ContentReplaceBehavior [ RunTime:0.000115s ]
INFO: [ template_filter ] --END-- [ RunTime:0.000230s ]
INFO: Run Behavior\ParseTemplateBehavior [ RunTime:0.079000s ]
INFO: [ view_parse ] --END-- [ RunTime:0.079245s ]
INFO: [ view_filter ] --START--
INFO: Run Behavior\WriteHtmlCacheBehavior [ RunTime:0.002289s ]
INFO: [ view_filter ] --END-- [ RunTime:0.002489s ]

[ 2018-06-05T10:47:32+08:00 ] ::1 /web/Hw3ms/index.php/Admin/Login/index
INFO: [ app_init ] --START--
INFO: Run Behavior\BuildLiteBehavior [ RunTime:0.000028s ]
INFO: [ app_init ] --END-- [ RunTime:0.000797s ]
INFO: [ app_begin ] --START--
INFO: Run Behavior\ReadHtmlCacheBehavior [ RunTime:0.000928s ]
INFO: [ app_begin ] --END-- [ RunTime:0.001069s ]
INFO: [ view_parse ] --START--
INFO: [ template_filter ] --START--
INFO: Run Behavior\ContentReplaceBehavior [ RunTime:0.000149s ]
INFO: [ template_filter ] --END-- [ RunTime:0.000278s ]
INFO: Run Behavior\ParseTemplateBehavior [ RunTime:0.171789s ]
INFO: [ view_parse ] --END-- [ RunTime:0.171868s ]
INFO: [ view_filter ] --START--
INFO: Run Behavior\WriteHtmlCacheBehavior [ RunTime:0.001427s ]
INFO: [ view_filter ] --END-- [ RunTime:0.001580s ]
INFO: [ app_end ] --START--
INFO: Run Behavior\ShowPageTraceBehavior [ RunTime:0.001317s ]
INFO: [ app_end ] --END-- [ RunTime:0.001432s ]

[ 2018-06-05T10:47:32+08:00 ] ::1 /web/Hw3ms/index.php/Admin/Login/index
INFO: [ app_init ] --START--
INFO: Run Behavior\BuildLiteBehavior [ RunTime:0.000013s ]
INFO: [ app_init ] --END-- [ RunTime:0.000439s ]
INFO: [ app_begin ] --START--
INFO: Run Behavior\ReadHtmlCacheBehavior [ RunTime:0.000747s ]
INFO: [ app_begin ] --END-- [ RunTime:0.000801s ]
INFO: [ view_parse ] --START--
INFO: [ template_filter ] --START--
INFO: Run Behavior\ContentReplaceBehavior [ RunTime:0.000101s ]
INFO: [ template_filter ] --END-- [ RunTime:0.000180s ]
INFO: Run Behavior\ParseTemplateBehavior [ RunTime:0.008756s ]
INFO: [ view_parse ] --END-- [ RunTime:0.008821s ]
INFO: [ view_filter ] --START--
INFO: Run Behavior\WriteHtmlCacheBehavior [ RunTime:0.000595s ]
INFO: [ view_filter ] --END-- [ RunTime:0.000649s ]
INFO: [ app_end ] --START--
INFO: Run Behavior\ShowPageTraceBehavior [ RunTime:0.000706s ]
INFO: [ app_end ] --END-- [ RunTime:0.000753s ]

[ 2018-06-05T10:47:33+08:00 ] ::1 /web/Hw3ms/index.php/Admin/Login/geetest_show_verify
INFO: [ app_init ] --START--
INFO: Run Behavior\BuildLiteBehavior [ RunTime:0.000016s ]
INFO: [ app_init ] --END-- [ RunTime:0.000406s ]
INFO: [ app_begin ] --START--
INFO: Run Behavior\ReadHtmlCacheBehavior [ RunTime:0.000667s ]
INFO: [ app_begin ] --END-- [ RunTime:0.000770s ]
ERR: 非法操作:geetest_show_verify

[ 2018-06-05T10:47:38+08:00 ] ::1 /web/Hw3ms/index.php/Admin/Login/login
INFO: [ app_init ] --START--
INFO: Run Behavior\BuildLiteBehavior [ RunTime:0.000017s ]
INFO: [ app_init ] --END-- [ RunTime:0.000410s ]
INFO: [ app_begin ] --START--
INFO: Run Behavior\ReadHtmlCacheBehavior [ RunTime:0.001393s ]
INFO: [ app_begin ] --END-- [ RunTime:0.001490s ]
NOTIC: [8] Undefined index: debug E:\www\web\Hw3ms\ThinkPHP\Library\Think\Db\Driver.class.php 第 114 行.
NOTIC: [8] Undefined offset: 0 E:\www\web\Hw3ms\ThinkPHP\Library\Think\Db\Driver.class.php 第 119 行.
NOTIC: [8] Undefined index: debug E:\www\web\Hw3ms\ThinkPHP\Library\Think\Db\Driver.class.php 第 114 行.
NOTIC: [8] Undefined offset: 0 E:\www\web\Hw3ms\ThinkPHP\Library\Think\Db\Driver.class.php 第 119 行.
NOTIC: [8] Undefined index: debug E:\www\web\Hw3ms\ThinkPHP\Library\Think\Db\Driver.class.php 第 114 行.
NOTIC: [8] Undefined offset: 0 E:\www\web\Hw3ms\ThinkPHP\Library\Think\Db\Driver.class.php 第 119 行.
INFO: [ view_parse ] --START--
INFO: [ template_filter ] --START--
INFO: Run Behavior\ContentReplaceBehavior [ RunTime:0.000089s ]
INFO: [ template_filter ] --END-- [ RunTime:0.000150s ]
INFO: Run Behavior\ParseTemplateBehavior [ RunTime:0.025313s ]
INFO: [ view_parse ] --END-- [ RunTime:0.025378s ]
INFO: [ view_filter ] --START--
INFO: Run Behavior\WriteHtmlCacheBehavior [ RunTime:0.000555s ]
INFO: [ view_filter ] --END-- [ RunTime:0.000607s ]

[ 2018-06-05T10:47:39+08:00 ] ::1 /web/Hw3ms/index.php/Admin/Login/geetest_show_verify
INFO: [ app_init ] --START--
INFO: Run Behavior\BuildLiteBehavior [ RunTime:0.000022s ]
INFO: [ app_init ] --END-- [ RunTime:0.001127s ]
INFO: [ app_begin ] --START--
INFO: Run Behavior\ReadHtmlCacheBehavior [ RunTime:0.001007s ]
INFO: [ app_begin ] --END-- [ RunTime:0.001136s ]
ERR: 非法操作:geetest_show_verify

[ 2018-06-05T10:47:45+08:00 ] ::1 /web/Hw3ms/index.php/Admin/Login/login
INFO: [ app_init ] --START--
INFO: Run Behavior\BuildLiteBehavior [ RunTime:0.000015s ]
INFO: [ app_init ] --END-- [ RunTime:0.000409s ]
INFO: [ app_begin ] --START--
INFO: Run Behavior\ReadHtmlCacheBehavior [ RunTime:0.000389s ]
INFO: [ app_begin ] --END-- [ RunTime:0.000451s ]
NOTIC: [8] Undefined index: debug E:\www\web\Hw3ms\ThinkPHP\Library\Think\Db\Driver.class.php 第 114 行.
NOTIC: [8] Undefined offset: 0 E:\www\web\Hw3ms\ThinkPHP\Library\Think\Db\Driver.class.php 第 119 行.
NOTIC: [8] Undefined index: debug E:\www\web\Hw3ms\ThinkPHP\Library\Think\Db\Driver.class.php 第 114 行.
NOTIC: [8] Undefined offset: 0 E:\www\web\Hw3ms\ThinkPHP\Library\Think\Db\Driver.class.php 第 119 行.
NOTIC: [8] Undefined index: debug E:\www\web\Hw3ms\ThinkPHP\Library\Think\Db\Driver.class.php 第 114 行.
NOTIC: [8] Undefined offset: 0 E:\www\web\Hw3ms\ThinkPHP\Library\Think\Db\Driver.class.php 第 119 行.
INFO: [ view_parse ] --START--
INFO: [ template_filter ] --START--
INFO: Run Behavior\ContentReplaceBehavior [ RunTime:0.000059s ]
INFO: [ template_filter ] --END-- [ RunTime:0.000114s ]
INFO: Run Behavior\ParseTemplateBehavior [ RunTime:0.005793s ]
INFO: [ view_parse ] --END-- [ RunTime:0.005860s ]
INFO: [ view_filter ] --START--
INFO: Run Behavior\WriteHtmlCacheBehavior [ RunTime:0.000259s ]
INFO: [ view_filter ] --END-- [ RunTime:0.000308s ]

[ 2018-06-05T10:47:46+08:00 ] ::1 /web/Hw3ms/index.php/Admin/Login/geetest_show_verify
INFO: [ app_init ] --START--
INFO: Run Behavior\BuildLiteBehavior [ RunTime:0.000015s ]
INFO: [ app_init ] --END-- [ RunTime:0.000379s ]
INFO: [ app_begin ] --START--
INFO: Run Behavior\ReadHtmlCacheBehavior [ RunTime:0.000525s ]
INFO: [ app_begin ] --END-- [ RunTime:0.000597s ]
ERR: 非法操作:geetest_show_verify

[ 2018-06-05T10:48:53+08:00 ] ::1 /web/Hw3ms/index.php/Admin/Login/index
INFO: [ app_init ] --START--
INFO: Run Behavior\BuildLiteBehavior [ RunTime:0.000015s ]
INFO: [ app_init ] --END-- [ RunTime:0.000489s ]
INFO: [ app_begin ] --START--
INFO: Run Behavior\ReadHtmlCacheBehavior [ RunTime:0.000466s ]
INFO: [ app_begin ] --END-- [ RunTime:0.000535s ]
INFO: [ view_parse ] --START--
INFO: [ template_filter ] --START--
INFO: Run Behavior\ContentReplaceBehavior [ RunTime:0.000058s ]
INFO: [ template_filter ] --END-- [ RunTime:0.000121s ]
INFO: Run Behavior\ParseTemplateBehavior [ RunTime:0.005225s ]
INFO: [ view_parse ] --END-- [ RunTime:0.005278s ]
INFO: [ view_filter ] --START--
INFO: Run Behavior\WriteHtmlCacheBehavior [ RunTime:0.000269s ]
INFO: [ view_filter ] --END-- [ RunTime:0.000315s ]
INFO: [ app_end ] --START--
INFO: Run Behavior\ShowPageTraceBehavior [ RunTime:0.000739s ]
INFO: [ app_end ] --END-- [ RunTime:0.000794s ]

[ 2018-06-05T10:48:53+08:00 ] ::1 /web/Hw3ms/index.php/Admin/Login/geetest_show_verify
INFO: [ app_init ] --START--
INFO: Run Behavior\BuildLiteBehavior [ RunTime:0.000017s ]
INFO: [ app_init ] --END-- [ RunTime:0.000396s ]
INFO: [ app_begin ] --START--
INFO: Run Behavior\ReadHtmlCacheBehavior [ RunTime:0.000450s ]
INFO: [ app_begin ] --END-- [ RunTime:0.000521s ]
ERR: 非法操作:geetest_show_verify

[ 2018-06-05T10:48:55+08:00 ] ::1 /web/Hw3ms/admin
INFO: [ app_init ] --START--
INFO: Run Behavior\BuildLiteBehavior [ RunTime:0.000016s ]
INFO: [ app_init ] --END-- [ RunTime:0.000591s ]
INFO: [ app_begin ] --START--
INFO: Run Behavior\ReadHtmlCacheBehavior [ RunTime:0.000442s ]
INFO: [ app_begin ] --END-- [ RunTime:0.000508s ]
NOTIC: [8] Undefined index: user E:\www\web\Hw3ms\Application\Common\Controller\AdminBaseController.class.php 第 19 行.
SQL: SHOW COLUMNS FROM `hw3ms_auth_group_access` [ RunTime:0.0048s ]
SQL: SELECT `uid`,`group_id`,`title`,`rules` FROM hw3ms_auth_group_access a INNER JOIN hw3ms_auth_group g on a.group_id=g.id  WHERE ( a.uid='' and g.status='1' )  [ RunTime:0.0080s ]
INFO: [ view_parse ] --START--
INFO: [ template_filter ] --START--
INFO: Run Behavior\ContentReplaceBehavior [ RunTime:0.000069s ]
INFO: [ template_filter ] --END-- [ RunTime:0.000199s ]
INFO: Run Behavior\ParseTemplateBehavior [ RunTime:0.007857s ]
INFO: [ view_parse ] --END-- [ RunTime:0.007931s ]
INFO: [ view_filter ] --START--
INFO: Run Behavior\WriteHtmlCacheBehavior [ RunTime:0.000594s ]
INFO: [ view_filter ] --END-- [ RunTime:0.000649s ]

