[ 2018-03-22T10:29:37+08:00 ] 127.0.0.1 /web/Hw3ms/index.php/Admin/Login/geetest_show_verify
ERR: 非法操作:geetest_show_verify

[ 2018-03-22T11:00:44+08:00 ] ::1 /web/Hw3ms/index.php/Admin/Login/geetest_show_verify
ERR: 非法操作:geetest_show_verify

[ 2018-03-22T12:37:20+08:00 ] ::1 /web/Hw3ms/index.php/Admin/Video/index/nav/49/cate/%7BROOT%7D
ERR: 1064:You have an error in your SQL syntax; check the manual that corresponds to your MySQL server version for the right syntax to use near '} ) LIMIT 1' at line 1
 [ SQL语句 ] : SELECT * FROM `hw3ms_category` WHERE ( id={ROOT} ) LIMIT 1  
ERR: 1064:You have an error in your SQL syntax; check the manual that corresponds to your MySQL server version for the right syntax to use near '} ) LIMIT 1' at line 1
 [ SQL语句 ] : SELECT * FROM `hw3ms_category` WHERE ( id={ROOT} ) LIMIT 1  

[ 2018-03-22T12:38:41+08:00 ] ::1 /web/Hw3ms/index.php/Admin/Video/index/nav/49/cate/%7BROOT%7D
ERR: 1064:You have an error in your SQL syntax; check the manual that corresponds to your MySQL server version for the right syntax to use near '} ) LIMIT 1' at line 1
 [ SQL语句 ] : SELECT * FROM `hw3ms_category` WHERE ( id={ROOT} ) LIMIT 1  
ERR: 1064:You have an error in your SQL syntax; check the manual that corresponds to your MySQL server version for the right syntax to use near '} ) LIMIT 1' at line 1
 [ SQL语句 ] : SELECT * FROM `hw3ms_category` WHERE ( id={ROOT} ) LIMIT 1  

[ 2018-03-22T12:38:42+08:00 ] ::1 /web/Hw3ms/index.php/Admin/Video/index/nav/49/cate/%7BROOT%7D
ERR: 1064:You have an error in your SQL syntax; check the manual that corresponds to your MySQL server version for the right syntax to use near '} ) LIMIT 1' at line 1
 [ SQL语句 ] : SELECT * FROM `hw3ms_category` WHERE ( id={ROOT} ) LIMIT 1  
ERR: 1064:You have an error in your SQL syntax; check the manual that corresponds to your MySQL server version for the right syntax to use near '} ) LIMIT 1' at line 1
 [ SQL语句 ] : SELECT * FROM `hw3ms_category` WHERE ( id={ROOT} ) LIMIT 1  

[ 2018-03-22T12:38:59+08:00 ] ::1 /web/Hw3ms/index.php/Admin/Video/index/nav/49/cate/%7BROOT%7D
ERR: 1064:You have an error in your SQL syntax; check the manual that corresponds to your MySQL server version for the right syntax to use near '} ) LIMIT 1' at line 1
 [ SQL语句 ] : SELECT * FROM `hw3ms_category` WHERE ( id={ROOT} ) LIMIT 1  
ERR: 1064:You have an error in your SQL syntax; check the manual that corresponds to your MySQL server version for the right syntax to use near '} ) LIMIT 1' at line 1
 [ SQL语句 ] : SELECT * FROM `hw3ms_category` WHERE ( id={ROOT} ) LIMIT 1  

[ 2018-03-22T12:39:00+08:00 ] ::1 /web/Hw3ms/index.php/Admin/Video/index/nav/49/cate/%7BROOT%7D
ERR: 1064:You have an error in your SQL syntax; check the manual that corresponds to your MySQL server version for the right syntax to use near '} ) LIMIT 1' at line 1
 [ SQL语句 ] : SELECT * FROM `hw3ms_category` WHERE ( id={ROOT} ) LIMIT 1  
ERR: 1064:You have an error in your SQL syntax; check the manual that corresponds to your MySQL server version for the right syntax to use near '} ) LIMIT 1' at line 1
 [ SQL语句 ] : SELECT * FROM `hw3ms_category` WHERE ( id={ROOT} ) LIMIT 1  

[ 2018-03-22T12:40:01+08:00 ] ::1 /web/Hw3ms/index.php/Admin/Video/index/nav/49/cate/%7BROOT%7D
ERR: 1064:You have an error in your SQL syntax; check the manual that corresponds to your MySQL server version for the right syntax to use near '} ) LIMIT 1' at line 1
 [ SQL语句 ] : SELECT * FROM `hw3ms_category` WHERE ( id={ROOT} ) LIMIT 1  
ERR: 1064:You have an error in your SQL syntax; check the manual that corresponds to your MySQL server version for the right syntax to use near '} ) LIMIT 1' at line 1
 [ SQL语句 ] : SELECT * FROM `hw3ms_category` WHERE ( id={ROOT} ) LIMIT 1  

[ 2018-03-22T12:40:01+08:00 ] ::1 /web/Hw3ms/index.php/Admin/Video/index/nav/49/cate/%7BROOT%7D
ERR: 1064:You have an error in your SQL syntax; check the manual that corresponds to your MySQL server version for the right syntax to use near '} ) LIMIT 1' at line 1
 [ SQL语句 ] : SELECT * FROM `hw3ms_category` WHERE ( id={ROOT} ) LIMIT 1  
ERR: 1064:You have an error in your SQL syntax; check the manual that corresponds to your MySQL server version for the right syntax to use near '} ) LIMIT 1' at line 1
 [ SQL语句 ] : SELECT * FROM `hw3ms_category` WHERE ( id={ROOT} ) LIMIT 1  

[ 2018-03-22T12:40:31+08:00 ] ::1 /web/Hw3ms/index.php/Admin/Video/index/nav/49/cate/%7BROOT%7D
ERR: 1064:You have an error in your SQL syntax; check the manual that corresponds to your MySQL server version for the right syntax to use near '} ) LIMIT 1' at line 1
 [ SQL语句 ] : SELECT * FROM `hw3ms_category` WHERE ( id={ROOT} ) LIMIT 1  
ERR: 1064:You have an error in your SQL syntax; check the manual that corresponds to your MySQL server version for the right syntax to use near '} ) LIMIT 1' at line 1
 [ SQL语句 ] : SELECT * FROM `hw3ms_category` WHERE ( id={ROOT} ) LIMIT 1  

[ 2018-03-22T12:40:31+08:00 ] ::1 /web/Hw3ms/index.php/Admin/Video/index/nav/49/cate/%7BROOT%7D
ERR: 1064:You have an error in your SQL syntax; check the manual that corresponds to your MySQL server version for the right syntax to use near '} ) LIMIT 1' at line 1
 [ SQL语句 ] : SELECT * FROM `hw3ms_category` WHERE ( id={ROOT} ) LIMIT 1  
ERR: 1064:You have an error in your SQL syntax; check the manual that corresponds to your MySQL server version for the right syntax to use near '} ) LIMIT 1' at line 1
 [ SQL语句 ] : SELECT * FROM `hw3ms_category` WHERE ( id={ROOT} ) LIMIT 1  

[ 2018-03-22T12:41:55+08:00 ] ::1 /web/Hw3ms/index.php/Admin/Video/index/nav/49/cate/%7BROOT%7D
ERR: 1064:You have an error in your SQL syntax; check the manual that corresponds to your MySQL server version for the right syntax to use near '} ) LIMIT 1' at line 1
 [ SQL语句 ] : SELECT * FROM `hw3ms_category` WHERE ( id={ROOT} ) LIMIT 1  
ERR: 1064:You have an error in your SQL syntax; check the manual that corresponds to your MySQL server version for the right syntax to use near '} ) LIMIT 1' at line 1
 [ SQL语句 ] : SELECT * FROM `hw3ms_category` WHERE ( id={ROOT} ) LIMIT 1  

[ 2018-03-22T12:41:55+08:00 ] ::1 /web/Hw3ms/index.php/Admin/Video/index/nav/49/cate/%7BROOT%7D
ERR: 1064:You have an error in your SQL syntax; check the manual that corresponds to your MySQL server version for the right syntax to use near '} ) LIMIT 1' at line 1
 [ SQL语句 ] : SELECT * FROM `hw3ms_category` WHERE ( id={ROOT} ) LIMIT 1  
ERR: 1064:You have an error in your SQL syntax; check the manual that corresponds to your MySQL server version for the right syntax to use near '} ) LIMIT 1' at line 1
 [ SQL语句 ] : SELECT * FROM `hw3ms_category` WHERE ( id={ROOT} ) LIMIT 1  

[ 2018-03-22T12:42:09+08:00 ] ::1 /web/Hw3ms/index.php/Admin/Video/index/nav/49/cate/%7BROOT%7D
ERR: 1064:You have an error in your SQL syntax; check the manual that corresponds to your MySQL server version for the right syntax to use near '} ) LIMIT 1' at line 1
 [ SQL语句 ] : SELECT * FROM `hw3ms_category` WHERE ( id={ROOT} ) LIMIT 1  
ERR: 1064:You have an error in your SQL syntax; check the manual that corresponds to your MySQL server version for the right syntax to use near '} ) LIMIT 1' at line 1
 [ SQL语句 ] : SELECT * FROM `hw3ms_category` WHERE ( id={ROOT} ) LIMIT 1  

[ 2018-03-22T12:42:10+08:00 ] ::1 /web/Hw3ms/index.php/Admin/Video/index/nav/49/cate/%7BROOT%7D
ERR: 1064:You have an error in your SQL syntax; check the manual that corresponds to your MySQL server version for the right syntax to use near '} ) LIMIT 1' at line 1
 [ SQL语句 ] : SELECT * FROM `hw3ms_category` WHERE ( id={ROOT} ) LIMIT 1  
ERR: 1064:You have an error in your SQL syntax; check the manual that corresponds to your MySQL server version for the right syntax to use near '} ) LIMIT 1' at line 1
 [ SQL语句 ] : SELECT * FROM `hw3ms_category` WHERE ( id={ROOT} ) LIMIT 1  

[ 2018-03-22T12:42:30+08:00 ] ::1 /web/Hw3ms/index.php/Admin/Video/index/nav/49/cate/%7BROOT%7D
ERR: 1064:You have an error in your SQL syntax; check the manual that corresponds to your MySQL server version for the right syntax to use near '} ) LIMIT 1' at line 1
 [ SQL语句 ] : SELECT * FROM `hw3ms_category` WHERE ( id={ROOT} ) LIMIT 1  
ERR: 1064:You have an error in your SQL syntax; check the manual that corresponds to your MySQL server version for the right syntax to use near '} ) LIMIT 1' at line 1
 [ SQL语句 ] : SELECT * FROM `hw3ms_category` WHERE ( id={ROOT} ) LIMIT 1  

[ 2018-03-22T12:42:30+08:00 ] ::1 /web/Hw3ms/index.php/Admin/Video/index/nav/49/cate/%7BROOT%7D
ERR: 1064:You have an error in your SQL syntax; check the manual that corresponds to your MySQL server version for the right syntax to use near '} ) LIMIT 1' at line 1
 [ SQL语句 ] : SELECT * FROM `hw3ms_category` WHERE ( id={ROOT} ) LIMIT 1  
ERR: 1064:You have an error in your SQL syntax; check the manual that corresponds to your MySQL server version for the right syntax to use near '} ) LIMIT 1' at line 1
 [ SQL语句 ] : SELECT * FROM `hw3ms_category` WHERE ( id={ROOT} ) LIMIT 1  

[ 2018-03-22T12:43:07+08:00 ] ::1 /web/Hw3ms/index.php/Admin/Video/index/nav/49/cate/__ROOT_PATH__
ERR: 1054:Unknown column '__ROOT_PATH__' in 'where clause'
 [ SQL语句 ] : SELECT * FROM `hw3ms_category` WHERE ( id=__ROOT_PATH__ ) LIMIT 1  
ERR: 1054:Unknown column '__ROOT_PATH__' in 'where clause'
 [ SQL语句 ] : SELECT * FROM `hw3ms_category` WHERE ( id=__ROOT_PATH__ ) LIMIT 1  

[ 2018-03-22T12:43:07+08:00 ] ::1 /web/Hw3ms/index.php/Admin/Video/index/nav/49/cate/__ROOT_PATH__
ERR: 1054:Unknown column '__ROOT_PATH__' in 'where clause'
 [ SQL语句 ] : SELECT * FROM `hw3ms_category` WHERE ( id=__ROOT_PATH__ ) LIMIT 1  
ERR: 1054:Unknown column '__ROOT_PATH__' in 'where clause'
 [ SQL语句 ] : SELECT * FROM `hw3ms_category` WHERE ( id=__ROOT_PATH__ ) LIMIT 1  

[ 2018-03-22T12:43:19+08:00 ] ::1 /web/Hw3ms/index.php/Admin/Video/index/nav/49/cate/%7B__ROOT_PATH__%7D
ERR: 1064:You have an error in your SQL syntax; check the manual that corresponds to your MySQL server version for the right syntax to use near '} ) LIMIT 1' at line 1
 [ SQL语句 ] : SELECT * FROM `hw3ms_category` WHERE ( id={__ROOT_PATH__} ) LIMIT 1  
ERR: 1064:You have an error in your SQL syntax; check the manual that corresponds to your MySQL server version for the right syntax to use near '} ) LIMIT 1' at line 1
 [ SQL语句 ] : SELECT * FROM `hw3ms_category` WHERE ( id={__ROOT_PATH__} ) LIMIT 1  

[ 2018-03-22T12:45:21+08:00 ] ::1 /web/Hw3ms/index.php/Admin/Video/index/nav/49/cate/%7B__ROOT_PATH__%7D
ERR: 1064:You have an error in your SQL syntax; check the manual that corresponds to your MySQL server version for the right syntax to use near '} ) LIMIT 1' at line 1
 [ SQL语句 ] : SELECT * FROM `hw3ms_category` WHERE ( id={__ROOT_PATH__} ) LIMIT 1  
ERR: 1064:You have an error in your SQL syntax; check the manual that corresponds to your MySQL server version for the right syntax to use near '} ) LIMIT 1' at line 1
 [ SQL语句 ] : SELECT * FROM `hw3ms_category` WHERE ( id={__ROOT_PATH__} ) LIMIT 1  

[ 2018-03-22T12:45:22+08:00 ] ::1 /web/Hw3ms/index.php/Admin/Video/index/nav/49/cate/%7B__ROOT_PATH__%7D
ERR: 1064:You have an error in your SQL syntax; check the manual that corresponds to your MySQL server version for the right syntax to use near '} ) LIMIT 1' at line 1
 [ SQL语句 ] : SELECT * FROM `hw3ms_category` WHERE ( id={__ROOT_PATH__} ) LIMIT 1  
ERR: 1064:You have an error in your SQL syntax; check the manual that corresponds to your MySQL server version for the right syntax to use near '} ) LIMIT 1' at line 1
 [ SQL语句 ] : SELECT * FROM `hw3ms_category` WHERE ( id={__ROOT_PATH__} ) LIMIT 1  

[ 2018-03-22T12:45:44+08:00 ] ::1 /web/Hw3ms/index.php/Admin/Video/index/nav/49/cate/%7B__ROOT_PATH__%7D
ERR: 1064:You have an error in your SQL syntax; check the manual that corresponds to your MySQL server version for the right syntax to use near '} ) LIMIT 1' at line 1
 [ SQL语句 ] : SELECT * FROM `hw3ms_category` WHERE ( id={__ROOT_PATH__} ) LIMIT 1  
ERR: 1064:You have an error in your SQL syntax; check the manual that corresponds to your MySQL server version for the right syntax to use near '} ) LIMIT 1' at line 1
 [ SQL语句 ] : SELECT * FROM `hw3ms_category` WHERE ( id={__ROOT_PATH__} ) LIMIT 1  

[ 2018-03-22T12:45:44+08:00 ] ::1 /web/Hw3ms/index.php/Admin/Video/index/nav/49/cate/%7B__ROOT_PATH__%7D
ERR: 1064:You have an error in your SQL syntax; check the manual that corresponds to your MySQL server version for the right syntax to use near '} ) LIMIT 1' at line 1
 [ SQL语句 ] : SELECT * FROM `hw3ms_category` WHERE ( id={__ROOT_PATH__} ) LIMIT 1  
ERR: 1064:You have an error in your SQL syntax; check the manual that corresponds to your MySQL server version for the right syntax to use near '} ) LIMIT 1' at line 1
 [ SQL语句 ] : SELECT * FROM `hw3ms_category` WHERE ( id={__ROOT_PATH__} ) LIMIT 1  

[ 2018-03-22T12:48:28+08:00 ] ::1 /web/Hw3ms/index.php/Admin/Video/index/nav/49/cate/%7B__ROOT_PATH__%7D
ERR: 1064:You have an error in your SQL syntax; check the manual that corresponds to your MySQL server version for the right syntax to use near '} ) LIMIT 1' at line 1
 [ SQL语句 ] : SELECT * FROM `hw3ms_category` WHERE ( id={__ROOT_PATH__} ) LIMIT 1  
ERR: 1064:You have an error in your SQL syntax; check the manual that corresponds to your MySQL server version for the right syntax to use near '} ) LIMIT 1' at line 1
 [ SQL语句 ] : SELECT * FROM `hw3ms_category` WHERE ( id={__ROOT_PATH__} ) LIMIT 1  

[ 2018-03-22T12:49:58+08:00 ] ::1 /web/Hw3ms/index.php/Admin/Video/index/nav/49/cate/%7B/web/Hw3ms%7D/
ERR: 1064:You have an error in your SQL syntax; check the manual that corresponds to your MySQL server version for the right syntax to use near ') LIMIT 1' at line 1
 [ SQL语句 ] : SELECT * FROM `hw3ms_category` WHERE ( id={ ) LIMIT 1  
ERR: 1064:You have an error in your SQL syntax; check the manual that corresponds to your MySQL server version for the right syntax to use near ') LIMIT 1' at line 1
 [ SQL语句 ] : SELECT * FROM `hw3ms_category` WHERE ( id={ ) LIMIT 1  

